[10-Feb-2021 22:01:23 UTC] PHP Parse error:  syntax error, unexpected 'echo' (T_ECHO) in C:\Users\Jesus\Desktop\visualstudCURSO\creacion-web\misrecetaswp\app\public\wp-content\themes\mis recetas\index.php on line 1
[10-Feb-2021 22:01:42 UTC] PHP Parse error:  syntax error, unexpected 'echo' (T_ECHO) in C:\Users\Jesus\Desktop\visualstudCURSO\creacion-web\misrecetaswp\app\public\wp-content\themes\mis recetas\index.php on line 1
[11-Feb-2021 18:29:23 UTC] PHP Warning:  Use of undefined constant ger_stylesheet_directory - assumed 'ger_stylesheet_directory' (this will throw an Error in a future version of PHP) in C:\Users\Jesus\Desktop\visualstudCURSO\creacion-web\misrecetaswp\app\public\wp-content\themes\mis recetas\index.php on line 16
[11-Feb-2021 18:29:23 UTC] PHP Stack trace:
[11-Feb-2021 18:29:23 UTC] PHP   1. {main}() C:\Users\Jesus\Desktop\visualstudCURSO\creacion-web\misrecetaswp\app\public\index.php:0
[11-Feb-2021 18:29:23 UTC] PHP   2. require() C:\Users\Jesus\Desktop\visualstudCURSO\creacion-web\misrecetaswp\app\public\index.php:17
[11-Feb-2021 18:29:23 UTC] PHP   3. require_once() C:\Users\Jesus\Desktop\visualstudCURSO\creacion-web\misrecetaswp\app\public\wp-blog-header.php:19
[11-Feb-2021 18:29:23 UTC] PHP   4. include() C:\Users\Jesus\Desktop\visualstudCURSO\creacion-web\misrecetaswp\app\public\wp-includes\template-loader.php:106
[11-Feb-2021 18:29:23 UTC] PHP Warning:  Use of undefined constant url - assumed 'url' (this will throw an Error in a future version of PHP) in C:\Users\Jesus\Desktop\visualstudCURSO\creacion-web\misrecetaswp\app\public\wp-content\themes\mis recetas\index.php on line 16
[11-Feb-2021 18:29:23 UTC] PHP Stack trace:
[11-Feb-2021 18:29:23 UTC] PHP   1. {main}() C:\Users\Jesus\Desktop\visualstudCURSO\creacion-web\misrecetaswp\app\public\index.php:0
[11-Feb-2021 18:29:23 UTC] PHP   2. require() C:\Users\Jesus\Desktop\visualstudCURSO\creacion-web\misrecetaswp\app\public\index.php:17
[11-Feb-2021 18:29:23 UTC] PHP   3. require_once() C:\Users\Jesus\Desktop\visualstudCURSO\creacion-web\misrecetaswp\app\public\wp-blog-header.php:19
[11-Feb-2021 18:29:23 UTC] PHP   4. include() C:\Users\Jesus\Desktop\visualstudCURSO\creacion-web\misrecetaswp\app\public\wp-includes\template-loader.php:106
[11-Feb-2021 18:29:23 UTC] PHP Fatal error:  Uncaught Error: Call to undefined function ger_stylesheet_directory_ury() in C:\Users\Jesus\Desktop\visualstudCURSO\creacion-web\misrecetaswp\app\public\wp-content\themes\mis recetas\index.php:103
Stack trace:
#0 C:\Users\Jesus\Desktop\visualstudCURSO\creacion-web\misrecetaswp\app\public\wp-includes\template-loader.php(106): include()
#1 C:\Users\Jesus\Desktop\visualstudCURSO\creacion-web\misrecetaswp\app\public\wp-blog-header.php(19): require_once('C:\\Users\\Jesus\\...')
#2 C:\Users\Jesus\Desktop\visualstudCURSO\creacion-web\misrecetaswp\app\public\index.php(17): require('C:\\Users\\Jesus\\...')
#3 {main}
  thrown in C:\Users\Jesus\Desktop\visualstudCURSO\creacion-web\misrecetaswp\app\public\wp-content\themes\mis recetas\index.php on line 103
[11-Feb-2021 18:29:25 UTC] PHP Warning:  Use of undefined constant ger_stylesheet_directory - assumed 'ger_stylesheet_directory' (this will throw an Error in a future version of PHP) in C:\Users\Jesus\Desktop\visualstudCURSO\creacion-web\misrecetaswp\app\public\wp-content\themes\mis recetas\index.php on line 16
[11-Feb-2021 18:29:25 UTC] PHP Stack trace:
[11-Feb-2021 18:29:25 UTC] PHP   1. {main}() C:\Users\Jesus\Desktop\visualstudCURSO\creacion-web\misrecetaswp\app\public\index.php:0
[11-Feb-2021 18:29:25 UTC] PHP   2. require() C:\Users\Jesus\Desktop\visualstudCURSO\creacion-web\misrecetaswp\app\public\index.php:17
[11-Feb-2021 18:29:25 UTC] PHP   3. require_once() C:\Users\Jesus\Desktop\visualstudCURSO\creacion-web\misrecetaswp\app\public\wp-blog-header.php:19
[11-Feb-2021 18:29:25 UTC] PHP Warning:  Use of undefined constant ger_stylesheet_directory - assumed 'ger_stylesheet_directory' (this will throw an Error in a future version of PHP) in C:\Users\Jesus\Desktop\visualstudCURSO\creacion-web\misrecetaswp\app\public\wp-content\themes\mis recetas\index.php on line 16
[11-Feb-2021 18:29:25 UTC] PHP   4. include() C:\Users\Jesus\Desktop\visualstudCURSO\creacion-web\misrecetaswp\app\public\wp-includes\template-loader.php:106
[11-Feb-2021 18:29:25 UTC] PHP Stack trace:
[11-Feb-2021 18:29:25 UTC] PHP Warning:  Use of undefined constant url - assumed 'url' (this will throw an Error in a future version of PHP) in C:\Users\Jesus\Desktop\visualstudCURSO\creacion-web\misrecetaswp\app\public\wp-content\themes\mis recetas\index.php on line 16
[11-Feb-2021 18:29:25 UTC] PHP   1. {main}() C:\Users\Jesus\Desktop\visualstudCURSO\creacion-web\misrecetaswp\app\public\index.php:0
[11-Feb-2021 18:29:25 UTC] PHP Stack trace:
[11-Feb-2021 18:29:25 UTC] PHP   2. require() C:\Users\Jesus\Desktop\visualstudCURSO\creacion-web\misrecetaswp\app\public\index.php:17
[11-Feb-2021 18:29:26 UTC] PHP   1. {main}() C:\Users\Jesus\Desktop\visualstudCURSO\creacion-web\misrecetaswp\app\public\index.php:0
[11-Feb-2021 18:29:26 UTC] PHP   3. require_once() C:\Users\Jesus\Desktop\visualstudCURSO\creacion-web\misrecetaswp\app\public\wp-blog-header.php:19
[11-Feb-2021 18:29:26 UTC] PHP   2. require() C:\Users\Jesus\Desktop\visualstudCURSO\creacion-web\misrecetaswp\app\public\index.php:17
[11-Feb-2021 18:29:26 UTC] PHP   4. include() C:\Users\Jesus\Desktop\visualstudCURSO\creacion-web\misrecetaswp\app\public\wp-includes\template-loader.php:106
[11-Feb-2021 18:29:26 UTC] PHP   3. require_once() C:\Users\Jesus\Desktop\visualstudCURSO\creacion-web\misrecetaswp\app\public\wp-blog-header.php:19
[11-Feb-2021 18:29:26 UTC] PHP Warning:  Use of undefined constant url - assumed 'url' (this will throw an Error in a future version of PHP) in C:\Users\Jesus\Desktop\visualstudCURSO\creacion-web\misrecetaswp\app\public\wp-content\themes\mis recetas\index.php on line 16
[11-Feb-2021 18:29:26 UTC] PHP   4. include() C:\Users\Jesus\Desktop\visualstudCURSO\creacion-web\misrecetaswp\app\public\wp-includes\template-loader.php:106
[11-Feb-2021 18:29:26 UTC] PHP Stack trace:
[11-Feb-2021 18:29:26 UTC] PHP Fatal error:  Uncaught Error: Call to undefined function ger_stylesheet_directory_ury() in C:\Users\Jesus\Desktop\visualstudCURSO\creacion-web\misrecetaswp\app\public\wp-content\themes\mis recetas\index.php:103
Stack trace:
#0 C:\Users\Jesus\Desktop\visualstudCURSO\creacion-web\misrecetaswp\app\public\wp-includes\template-loader.php(106): include()
#1 C:\Users\Jesus\Desktop\visualstudCURSO\creacion-web\misrecetaswp\app\public\wp-blog-header.php(19): require_once('C:\\Users\\Jesus\\...')
#2 C:\Users\Jesus\Desktop\visualstudCURSO\creacion-web\misrecetaswp\app\public\index.php(17): require('C:\\Users\\Jesus\\...')
#3 {main}
  thrown in C:\Users\Jesus\Desktop\visualstudCURSO\creacion-web\misrecetaswp\app\public\wp-content\themes\mis recetas\index.php on line 103
[11-Feb-2021 18:29:26 UTC] PHP   1. {main}() C:\Users\Jesus\Desktop\visualstudCURSO\creacion-web\misrecetaswp\app\public\index.php:0
[11-Feb-2021 18:29:26 UTC] PHP   2. require() C:\Users\Jesus\Desktop\visualstudCURSO\creacion-web\misrecetaswp\app\public\index.php:17
[11-Feb-2021 18:29:26 UTC] PHP   3. require_once() C:\Users\Jesus\Desktop\visualstudCURSO\creacion-web\misrecetaswp\app\public\wp-blog-header.php:19
[11-Feb-2021 18:29:26 UTC] PHP   4. include() C:\Users\Jesus\Desktop\visualstudCURSO\creacion-web\misrecetaswp\app\public\wp-includes\template-loader.php:106
[11-Feb-2021 18:29:26 UTC] PHP Fatal error:  Uncaught Error: Call to undefined function ger_stylesheet_directory_ury() in C:\Users\Jesus\Desktop\visualstudCURSO\creacion-web\misrecetaswp\app\public\wp-content\themes\mis recetas\index.php:103
Stack trace:
#0 C:\Users\Jesus\Desktop\visualstudCURSO\creacion-web\misrecetaswp\app\public\wp-includes\template-loader.php(106): include()
#1 C:\Users\Jesus\Desktop\visualstudCURSO\creacion-web\misrecetaswp\app\public\wp-blog-header.php(19): require_once('C:\\Users\\Jesus\\...')
#2 C:\Users\Jesus\Desktop\visualstudCURSO\creacion-web\misrecetaswp\app\public\index.php(17): require('C:\\Users\\Jesus\\...')
#3 {main}
  thrown in C:\Users\Jesus\Desktop\visualstudCURSO\creacion-web\misrecetaswp\app\public\wp-content\themes\mis recetas\index.php on line 103
[11-Feb-2021 18:29:26 UTC] PHP Warning:  Use of undefined constant ger_stylesheet_directory - assumed 'ger_stylesheet_directory' (this will throw an Error in a future version of PHP) in C:\Users\Jesus\Desktop\visualstudCURSO\creacion-web\misrecetaswp\app\public\wp-content\themes\mis recetas\index.php on line 16
[11-Feb-2021 18:29:26 UTC] PHP Stack trace:
[11-Feb-2021 18:29:27 UTC] PHP   1. {main}() C:\Users\Jesus\Desktop\visualstudCURSO\creacion-web\misrecetaswp\app\public\index.php:0
[11-Feb-2021 18:29:27 UTC] PHP   2. require() C:\Users\Jesus\Desktop\visualstudCURSO\creacion-web\misrecetaswp\app\public\index.php:17
[11-Feb-2021 18:29:27 UTC] PHP   3. require_once() C:\Users\Jesus\Desktop\visualstudCURSO\creacion-web\misrecetaswp\app\public\wp-blog-header.php:19
[11-Feb-2021 18:29:27 UTC] PHP   4. include() C:\Users\Jesus\Desktop\visualstudCURSO\creacion-web\misrecetaswp\app\public\wp-includes\template-loader.php:106
[11-Feb-2021 18:29:27 UTC] PHP Warning:  Use of undefined constant ger_stylesheet_directory - assumed 'ger_stylesheet_directory' (this will throw an Error in a future version of PHP) in C:\Users\Jesus\Desktop\visualstudCURSO\creacion-web\misrecetaswp\app\public\wp-content\themes\mis recetas\index.php on line 16
[11-Feb-2021 18:29:27 UTC] PHP Warning:  Use of undefined constant url - assumed 'url' (this will throw an Error in a future version of PHP) in C:\Users\Jesus\Desktop\visualstudCURSO\creacion-web\misrecetaswp\app\public\wp-content\themes\mis recetas\index.php on line 16
[11-Feb-2021 18:29:27 UTC] PHP Stack trace:
[11-Feb-2021 18:29:27 UTC] PHP Stack trace:
[11-Feb-2021 18:29:27 UTC] PHP   1. {main}() C:\Users\Jesus\Desktop\visualstudCURSO\creacion-web\misrecetaswp\app\public\index.php:0
[11-Feb-2021 18:29:27 UTC] PHP   1. {main}() C:\Users\Jesus\Desktop\visualstudCURSO\creacion-web\misrecetaswp\app\public\index.php:0
[11-Feb-2021 18:29:27 UTC] PHP   2. require() C:\Users\Jesus\Desktop\visualstudCURSO\creacion-web\misrecetaswp\app\public\index.php:17
[11-Feb-2021 18:29:27 UTC] PHP   2. require() C:\Users\Jesus\Desktop\visualstudCURSO\creacion-web\misrecetaswp\app\public\index.php:17
[11-Feb-2021 18:29:27 UTC] PHP   3. require_once() C:\Users\Jesus\Desktop\visualstudCURSO\creacion-web\misrecetaswp\app\public\wp-blog-header.php:19
[11-Feb-2021 18:29:27 UTC] PHP   3. require_once() C:\Users\Jesus\Desktop\visualstudCURSO\creacion-web\misrecetaswp\app\public\wp-blog-header.php:19
[11-Feb-2021 18:29:27 UTC] PHP   4. include() C:\Users\Jesus\Desktop\visualstudCURSO\creacion-web\misrecetaswp\app\public\wp-includes\template-loader.php:106
[11-Feb-2021 18:29:27 UTC] PHP   4. include() C:\Users\Jesus\Desktop\visualstudCURSO\creacion-web\misrecetaswp\app\public\wp-includes\template-loader.php:106
[11-Feb-2021 18:29:27 UTC] PHP Warning:  Use of undefined constant url - assumed 'url' (this will throw an Error in a future version of PHP) in C:\Users\Jesus\Desktop\visualstudCURSO\creacion-web\misrecetaswp\app\public\wp-content\themes\mis recetas\index.php on line 16
[11-Feb-2021 18:29:27 UTC] PHP Fatal error:  Uncaught Error: Call to undefined function ger_stylesheet_directory_ury() in C:\Users\Jesus\Desktop\visualstudCURSO\creacion-web\misrecetaswp\app\public\wp-content\themes\mis recetas\index.php:103
Stack trace:
#0 C:\Users\Jesus\Desktop\visualstudCURSO\creacion-web\misrecetaswp\app\public\wp-includes\template-loader.php(106): include()
#1 C:\Users\Jesus\Desktop\visualstudCURSO\creacion-web\misrecetaswp\app\public\wp-blog-header.php(19): require_once('C:\\Users\\Jesus\\...')
#2 C:\Users\Jesus\Desktop\visualstudCURSO\creacion-web\misrecetaswp\app\public\index.php(17): require('C:\\Users\\Jesus\\...')
#3 {main}
  thrown in C:\Users\Jesus\Desktop\visualstudCURSO\creacion-web\misrecetaswp\app\public\wp-content\themes\mis recetas\index.php on line 103
[11-Feb-2021 18:29:27 UTC] PHP Stack trace:
[11-Feb-2021 18:29:27 UTC] PHP   1. {main}() C:\Users\Jesus\Desktop\visualstudCURSO\creacion-web\misrecetaswp\app\public\index.php:0
[11-Feb-2021 18:29:27 UTC] PHP   2. require() C:\Users\Jesus\Desktop\visualstudCURSO\creacion-web\misrecetaswp\app\public\index.php:17
[11-Feb-2021 18:29:27 UTC] PHP   3. require_once() C:\Users\Jesus\Desktop\visualstudCURSO\creacion-web\misrecetaswp\app\public\wp-blog-header.php:19
[11-Feb-2021 18:29:27 UTC] PHP   4. include() C:\Users\Jesus\Desktop\visualstudCURSO\creacion-web\misrecetaswp\app\public\wp-includes\template-loader.php:106
[11-Feb-2021 18:29:27 UTC] PHP Fatal error:  Uncaught Error: Call to undefined function ger_stylesheet_directory_ury() in C:\Users\Jesus\Desktop\visualstudCURSO\creacion-web\misrecetaswp\app\public\wp-content\themes\mis recetas\index.php:103
Stack trace:
#0 C:\Users\Jesus\Desktop\visualstudCURSO\creacion-web\misrecetaswp\app\public\wp-includes\template-loader.php(106): include()
#1 C:\Users\Jesus\Desktop\visualstudCURSO\creacion-web\misrecetaswp\app\public\wp-blog-header.php(19): require_once('C:\\Users\\Jesus\\...')
#2 C:\Users\Jesus\Desktop\visualstudCURSO\creacion-web\misrecetaswp\app\public\index.php(17): require('C:\\Users\\Jesus\\...')
#3 {main}
  thrown in C:\Users\Jesus\Desktop\visualstudCURSO\creacion-web\misrecetaswp\app\public\wp-content\themes\mis recetas\index.php on line 103
[11-Feb-2021 18:29:27 UTC] PHP Warning:  Use of undefined constant ger_stylesheet_directory - assumed 'ger_stylesheet_directory' (this will throw an Error in a future version of PHP) in C:\Users\Jesus\Desktop\visualstudCURSO\creacion-web\misrecetaswp\app\public\wp-content\themes\mis recetas\index.php on line 16
[11-Feb-2021 18:29:27 UTC] PHP Stack trace:
[11-Feb-2021 18:29:27 UTC] PHP   1. {main}() C:\Users\Jesus\Desktop\visualstudCURSO\creacion-web\misrecetaswp\app\public\index.php:0
[11-Feb-2021 18:29:27 UTC] PHP   2. require() C:\Users\Jesus\Desktop\visualstudCURSO\creacion-web\misrecetaswp\app\public\index.php:17
[11-Feb-2021 18:29:28 UTC] PHP   3. require_once() C:\Users\Jesus\Desktop\visualstudCURSO\creacion-web\misrecetaswp\app\public\wp-blog-header.php:19
[11-Feb-2021 18:29:28 UTC] PHP   4. include() C:\Users\Jesus\Desktop\visualstudCURSO\creacion-web\misrecetaswp\app\public\wp-includes\template-loader.php:106
[11-Feb-2021 18:29:28 UTC] PHP Warning:  Use of undefined constant url - assumed 'url' (this will throw an Error in a future version of PHP) in C:\Users\Jesus\Desktop\visualstudCURSO\creacion-web\misrecetaswp\app\public\wp-content\themes\mis recetas\index.php on line 16
[11-Feb-2021 18:29:28 UTC] PHP Stack trace:
[11-Feb-2021 18:29:28 UTC] PHP   1. {main}() C:\Users\Jesus\Desktop\visualstudCURSO\creacion-web\misrecetaswp\app\public\index.php:0
[11-Feb-2021 18:29:28 UTC] PHP Warning:  Use of undefined constant ger_stylesheet_directory - assumed 'ger_stylesheet_directory' (this will throw an Error in a future version of PHP) in C:\Users\Jesus\Desktop\visualstudCURSO\creacion-web\misrecetaswp\app\public\wp-content\themes\mis recetas\index.php on line 16
[11-Feb-2021 18:29:28 UTC] PHP   2. require() C:\Users\Jesus\Desktop\visualstudCURSO\creacion-web\misrecetaswp\app\public\index.php:17
[11-Feb-2021 18:29:28 UTC] PHP Stack trace:
[11-Feb-2021 18:29:28 UTC] PHP   3. require_once() C:\Users\Jesus\Desktop\visualstudCURSO\creacion-web\misrecetaswp\app\public\wp-blog-header.php:19
[11-Feb-2021 18:29:28 UTC] PHP   1. {main}() C:\Users\Jesus\Desktop\visualstudCURSO\creacion-web\misrecetaswp\app\public\index.php:0
[11-Feb-2021 18:29:28 UTC] PHP   4. include() C:\Users\Jesus\Desktop\visualstudCURSO\creacion-web\misrecetaswp\app\public\wp-includes\template-loader.php:106
[11-Feb-2021 18:29:28 UTC] PHP   2. require() C:\Users\Jesus\Desktop\visualstudCURSO\creacion-web\misrecetaswp\app\public\index.php:17
[11-Feb-2021 18:29:28 UTC] PHP Fatal error:  Uncaught Error: Call to undefined function ger_stylesheet_directory_ury() in C:\Users\Jesus\Desktop\visualstudCURSO\creacion-web\misrecetaswp\app\public\wp-content\themes\mis recetas\index.php:103
Stack trace:
#0 C:\Users\Jesus\Desktop\visualstudCURSO\creacion-web\misrecetaswp\app\public\wp-includes\template-loader.php(106): include()
#1 C:\Users\Jesus\Desktop\visualstudCURSO\creacion-web\misrecetaswp\app\public\wp-blog-header.php(19): require_once('C:\\Users\\Jesus\\...')
#2 C:\Users\Jesus\Desktop\visualstudCURSO\creacion-web\misrecetaswp\app\public\index.php(17): require('C:\\Users\\Jesus\\...')
#3 {main}
  thrown in C:\Users\Jesus\Desktop\visualstudCURSO\creacion-web\misrecetaswp\app\public\wp-content\themes\mis recetas\index.php on line 103
[11-Feb-2021 18:29:28 UTC] PHP   3. require_once() C:\Users\Jesus\Desktop\visualstudCURSO\creacion-web\misrecetaswp\app\public\wp-blog-header.php:19
[11-Feb-2021 18:29:28 UTC] PHP   4. include() C:\Users\Jesus\Desktop\visualstudCURSO\creacion-web\misrecetaswp\app\public\wp-includes\template-loader.php:106
[11-Feb-2021 18:29:28 UTC] PHP Warning:  Use of undefined constant url - assumed 'url' (this will throw an Error in a future version of PHP) in C:\Users\Jesus\Desktop\visualstudCURSO\creacion-web\misrecetaswp\app\public\wp-content\themes\mis recetas\index.php on line 16
[11-Feb-2021 18:29:28 UTC] PHP Stack trace:
[11-Feb-2021 18:29:28 UTC] PHP   1. {main}() C:\Users\Jesus\Desktop\visualstudCURSO\creacion-web\misrecetaswp\app\public\index.php:0
[11-Feb-2021 18:29:28 UTC] PHP   2. require() C:\Users\Jesus\Desktop\visualstudCURSO\creacion-web\misrecetaswp\app\public\index.php:17
[11-Feb-2021 18:29:28 UTC] PHP   3. require_once() C:\Users\Jesus\Desktop\visualstudCURSO\creacion-web\misrecetaswp\app\public\wp-blog-header.php:19
[11-Feb-2021 18:29:28 UTC] PHP   4. include() C:\Users\Jesus\Desktop\visualstudCURSO\creacion-web\misrecetaswp\app\public\wp-includes\template-loader.php:106
[11-Feb-2021 18:29:28 UTC] PHP Fatal error:  Uncaught Error: Call to undefined function ger_stylesheet_directory_ury() in C:\Users\Jesus\Desktop\visualstudCURSO\creacion-web\misrecetaswp\app\public\wp-content\themes\mis recetas\index.php:103
Stack trace:
#0 C:\Users\Jesus\Desktop\visualstudCURSO\creacion-web\misrecetaswp\app\public\wp-includes\template-loader.php(106): include()
#1 C:\Users\Jesus\Desktop\visualstudCURSO\creacion-web\misrecetaswp\app\public\wp-blog-header.php(19): require_once('C:\\Users\\Jesus\\...')
#2 C:\Users\Jesus\Desktop\visualstudCURSO\creacion-web\misrecetaswp\app\public\index.php(17): require('C:\\Users\\Jesus\\...')
#3 {main}
  thrown in C:\Users\Jesus\Desktop\visualstudCURSO\creacion-web\misrecetaswp\app\public\wp-content\themes\mis recetas\index.php on line 103
[11-Feb-2021 18:29:28 UTC] PHP Warning:  Use of undefined constant ger_stylesheet_directory - assumed 'ger_stylesheet_directory' (this will throw an Error in a future version of PHP) in C:\Users\Jesus\Desktop\visualstudCURSO\creacion-web\misrecetaswp\app\public\wp-content\themes\mis recetas\index.php on line 16
[11-Feb-2021 18:29:29 UTC] PHP Stack trace:
[11-Feb-2021 18:29:29 UTC] PHP   1. {main}() C:\Users\Jesus\Desktop\visualstudCURSO\creacion-web\misrecetaswp\app\public\index.php:0
[11-Feb-2021 18:29:29 UTC] PHP   2. require() C:\Users\Jesus\Desktop\visualstudCURSO\creacion-web\misrecetaswp\app\public\index.php:17
[11-Feb-2021 18:29:29 UTC] PHP   3. require_once() C:\Users\Jesus\Desktop\visualstudCURSO\creacion-web\misrecetaswp\app\public\wp-blog-header.php:19
[11-Feb-2021 18:29:29 UTC] PHP   4. include() C:\Users\Jesus\Desktop\visualstudCURSO\creacion-web\misrecetaswp\app\public\wp-includes\template-loader.php:106
[11-Feb-2021 18:29:29 UTC] PHP Warning:  Use of undefined constant url - assumed 'url' (this will throw an Error in a future version of PHP) in C:\Users\Jesus\Desktop\visualstudCURSO\creacion-web\misrecetaswp\app\public\wp-content\themes\mis recetas\index.php on line 16
[11-Feb-2021 18:29:29 UTC] PHP Stack trace:
[11-Feb-2021 18:29:29 UTC] PHP   1. {main}() C:\Users\Jesus\Desktop\visualstudCURSO\creacion-web\misrecetaswp\app\public\index.php:0
[11-Feb-2021 18:29:29 UTC] PHP   2. require() C:\Users\Jesus\Desktop\visualstudCURSO\creacion-web\misrecetaswp\app\public\index.php:17
[11-Feb-2021 18:29:29 UTC] PHP   3. require_once() C:\Users\Jesus\Desktop\visualstudCURSO\creacion-web\misrecetaswp\app\public\wp-blog-header.php:19
[11-Feb-2021 18:29:29 UTC] PHP   4. include() C:\Users\Jesus\Desktop\visualstudCURSO\creacion-web\misrecetaswp\app\public\wp-includes\template-loader.php:106
[11-Feb-2021 18:29:29 UTC] PHP Fatal error:  Uncaught Error: Call to undefined function ger_stylesheet_directory_ury() in C:\Users\Jesus\Desktop\visualstudCURSO\creacion-web\misrecetaswp\app\public\wp-content\themes\mis recetas\index.php:103
Stack trace:
#0 C:\Users\Jesus\Desktop\visualstudCURSO\creacion-web\misrecetaswp\app\public\wp-includes\template-loader.php(106): include()
#1 C:\Users\Jesus\Desktop\visualstudCURSO\creacion-web\misrecetaswp\app\public\wp-blog-header.php(19): require_once('C:\\Users\\Jesus\\...')
#2 C:\Users\Jesus\Desktop\visualstudCURSO\creacion-web\misrecetaswp\app\public\index.php(17): require('C:\\Users\\Jesus\\...')
#3 {main}
  thrown in C:\Users\Jesus\Desktop\visualstudCURSO\creacion-web\misrecetaswp\app\public\wp-content\themes\mis recetas\index.php on line 103
[11-Feb-2021 18:30:03 UTC] PHP Warning:  Use of undefined constant ger_stylesheet_directory - assumed 'ger_stylesheet_directory' (this will throw an Error in a future version of PHP) in C:\Users\Jesus\Desktop\visualstudCURSO\creacion-web\misrecetaswp\app\public\wp-content\themes\mis recetas\index.php on line 16
[11-Feb-2021 18:30:03 UTC] PHP Stack trace:
[11-Feb-2021 18:30:03 UTC] PHP   1. {main}() C:\Users\Jesus\Desktop\visualstudCURSO\creacion-web\misrecetaswp\app\public\index.php:0
[11-Feb-2021 18:30:03 UTC] PHP   2. require() C:\Users\Jesus\Desktop\visualstudCURSO\creacion-web\misrecetaswp\app\public\index.php:17
[11-Feb-2021 18:30:03 UTC] PHP   3. require_once() C:\Users\Jesus\Desktop\visualstudCURSO\creacion-web\misrecetaswp\app\public\wp-blog-header.php:19
[11-Feb-2021 18:30:03 UTC] PHP   4. include() C:\Users\Jesus\Desktop\visualstudCURSO\creacion-web\misrecetaswp\app\public\wp-includes\template-loader.php:106
[11-Feb-2021 18:30:03 UTC] PHP Warning:  Use of undefined constant url - assumed 'url' (this will throw an Error in a future version of PHP) in C:\Users\Jesus\Desktop\visualstudCURSO\creacion-web\misrecetaswp\app\public\wp-content\themes\mis recetas\index.php on line 16
[11-Feb-2021 18:30:03 UTC] PHP Stack trace:
[11-Feb-2021 18:30:03 UTC] PHP   1. {main}() C:\Users\Jesus\Desktop\visualstudCURSO\creacion-web\misrecetaswp\app\public\index.php:0
[11-Feb-2021 18:30:03 UTC] PHP   2. require() C:\Users\Jesus\Desktop\visualstudCURSO\creacion-web\misrecetaswp\app\public\index.php:17
[11-Feb-2021 18:30:03 UTC] PHP   3. require_once() C:\Users\Jesus\Desktop\visualstudCURSO\creacion-web\misrecetaswp\app\public\wp-blog-header.php:19
[11-Feb-2021 18:30:03 UTC] PHP   4. include() C:\Users\Jesus\Desktop\visualstudCURSO\creacion-web\misrecetaswp\app\public\wp-includes\template-loader.php:106
[11-Feb-2021 18:30:03 UTC] PHP Fatal error:  Uncaught Error: Call to undefined function get_stylesheet_directory_ury() in C:\Users\Jesus\Desktop\visualstudCURSO\creacion-web\misrecetaswp\app\public\wp-content\themes\mis recetas\index.php:103
Stack trace:
#0 C:\Users\Jesus\Desktop\visualstudCURSO\creacion-web\misrecetaswp\app\public\wp-includes\template-loader.php(106): include()
#1 C:\Users\Jesus\Desktop\visualstudCURSO\creacion-web\misrecetaswp\app\public\wp-blog-header.php(19): require_once('C:\\Users\\Jesus\\...')
#2 C:\Users\Jesus\Desktop\visualstudCURSO\creacion-web\misrecetaswp\app\public\index.php(17): require('C:\\Users\\Jesus\\...')
#3 {main}
  thrown in C:\Users\Jesus\Desktop\visualstudCURSO\creacion-web\misrecetaswp\app\public\wp-content\themes\mis recetas\index.php on line 103
[11-Feb-2021 18:30:05 UTC] PHP Warning:  Use of undefined constant ger_stylesheet_directory - assumed 'ger_stylesheet_directory' (this will throw an Error in a future version of PHP) in C:\Users\Jesus\Desktop\visualstudCURSO\creacion-web\misrecetaswp\app\public\wp-content\themes\mis recetas\index.php on line 16
[11-Feb-2021 18:30:05 UTC] PHP Stack trace:
[11-Feb-2021 18:30:05 UTC] PHP   1. {main}() C:\Users\Jesus\Desktop\visualstudCURSO\creacion-web\misrecetaswp\app\public\index.php:0
[11-Feb-2021 18:30:05 UTC] PHP   2. require() C:\Users\Jesus\Desktop\visualstudCURSO\creacion-web\misrecetaswp\app\public\index.php:17
[11-Feb-2021 18:30:05 UTC] PHP   3. require_once() C:\Users\Jesus\Desktop\visualstudCURSO\creacion-web\misrecetaswp\app\public\wp-blog-header.php:19
[11-Feb-2021 18:30:05 UTC] PHP Warning:  Use of undefined constant ger_stylesheet_directory - assumed 'ger_stylesheet_directory' (this will throw an Error in a future version of PHP) in C:\Users\Jesus\Desktop\visualstudCURSO\creacion-web\misrecetaswp\app\public\wp-content\themes\mis recetas\index.php on line 16
[11-Feb-2021 18:30:05 UTC] PHP   4. include() C:\Users\Jesus\Desktop\visualstudCURSO\creacion-web\misrecetaswp\app\public\wp-includes\template-loader.php:106
[11-Feb-2021 18:30:05 UTC] PHP Stack trace:
[11-Feb-2021 18:30:05 UTC] PHP Warning:  Use of undefined constant url - assumed 'url' (this will throw an Error in a future version of PHP) in C:\Users\Jesus\Desktop\visualstudCURSO\creacion-web\misrecetaswp\app\public\wp-content\themes\mis recetas\index.php on line 16
[11-Feb-2021 18:30:05 UTC] PHP   1. {main}() C:\Users\Jesus\Desktop\visualstudCURSO\creacion-web\misrecetaswp\app\public\index.php:0
[11-Feb-2021 18:30:05 UTC] PHP Stack trace:
[11-Feb-2021 18:30:05 UTC] PHP   2. require() C:\Users\Jesus\Desktop\visualstudCURSO\creacion-web\misrecetaswp\app\public\index.php:17
[11-Feb-2021 18:30:05 UTC] PHP   1. {main}() C:\Users\Jesus\Desktop\visualstudCURSO\creacion-web\misrecetaswp\app\public\index.php:0
[11-Feb-2021 18:30:05 UTC] PHP   3. require_once() C:\Users\Jesus\Desktop\visualstudCURSO\creacion-web\misrecetaswp\app\public\wp-blog-header.php:19
[11-Feb-2021 18:30:05 UTC] PHP   2. require() C:\Users\Jesus\Desktop\visualstudCURSO\creacion-web\misrecetaswp\app\public\index.php:17
[11-Feb-2021 18:30:05 UTC] PHP   4. include() C:\Users\Jesus\Desktop\visualstudCURSO\creacion-web\misrecetaswp\app\public\wp-includes\template-loader.php:106
[11-Feb-2021 18:30:05 UTC] PHP   3. require_once() C:\Users\Jesus\Desktop\visualstudCURSO\creacion-web\misrecetaswp\app\public\wp-blog-header.php:19
[11-Feb-2021 18:30:05 UTC] PHP Warning:  Use of undefined constant url - assumed 'url' (this will throw an Error in a future version of PHP) in C:\Users\Jesus\Desktop\visualstudCURSO\creacion-web\misrecetaswp\app\public\wp-content\themes\mis recetas\index.php on line 16
[11-Feb-2021 18:30:05 UTC] PHP   4. include() C:\Users\Jesus\Desktop\visualstudCURSO\creacion-web\misrecetaswp\app\public\wp-includes\template-loader.php:106
[11-Feb-2021 18:30:05 UTC] PHP Stack trace:
[11-Feb-2021 18:30:05 UTC] PHP Fatal error:  Uncaught Error: Call to undefined function get_stylesheet_directory_ury() in C:\Users\Jesus\Desktop\visualstudCURSO\creacion-web\misrecetaswp\app\public\wp-content\themes\mis recetas\index.php:103
Stack trace:
#0 C:\Users\Jesus\Desktop\visualstudCURSO\creacion-web\misrecetaswp\app\public\wp-includes\template-loader.php(106): include()
#1 C:\Users\Jesus\Desktop\visualstudCURSO\creacion-web\misrecetaswp\app\public\wp-blog-header.php(19): require_once('C:\\Users\\Jesus\\...')
#2 C:\Users\Jesus\Desktop\visualstudCURSO\creacion-web\misrecetaswp\app\public\index.php(17): require('C:\\Users\\Jesus\\...')
#3 {main}
  thrown in C:\Users\Jesus\Desktop\visualstudCURSO\creacion-web\misrecetaswp\app\public\wp-content\themes\mis recetas\index.php on line 103
[11-Feb-2021 18:30:05 UTC] PHP   1. {main}() C:\Users\Jesus\Desktop\visualstudCURSO\creacion-web\misrecetaswp\app\public\index.php:0
[11-Feb-2021 18:30:05 UTC] PHP   2. require() C:\Users\Jesus\Desktop\visualstudCURSO\creacion-web\misrecetaswp\app\public\index.php:17
[11-Feb-2021 18:30:05 UTC] PHP   3. require_once() C:\Users\Jesus\Desktop\visualstudCURSO\creacion-web\misrecetaswp\app\public\wp-blog-header.php:19
[11-Feb-2021 18:30:05 UTC] PHP   4. include() C:\Users\Jesus\Desktop\visualstudCURSO\creacion-web\misrecetaswp\app\public\wp-includes\template-loader.php:106
[11-Feb-2021 18:30:05 UTC] PHP Fatal error:  Uncaught Error: Call to undefined function get_stylesheet_directory_ury() in C:\Users\Jesus\Desktop\visualstudCURSO\creacion-web\misrecetaswp\app\public\wp-content\themes\mis recetas\index.php:103
Stack trace:
#0 C:\Users\Jesus\Desktop\visualstudCURSO\creacion-web\misrecetaswp\app\public\wp-includes\template-loader.php(106): include()
#1 C:\Users\Jesus\Desktop\visualstudCURSO\creacion-web\misrecetaswp\app\public\wp-blog-header.php(19): require_once('C:\\Users\\Jesus\\...')
#2 C:\Users\Jesus\Desktop\visualstudCURSO\creacion-web\misrecetaswp\app\public\index.php(17): require('C:\\Users\\Jesus\\...')
#3 {main}
  thrown in C:\Users\Jesus\Desktop\visualstudCURSO\creacion-web\misrecetaswp\app\public\wp-content\themes\mis recetas\index.php on line 103
[11-Feb-2021 18:30:05 UTC] PHP Warning:  Use of undefined constant ger_stylesheet_directory - assumed 'ger_stylesheet_directory' (this will throw an Error in a future version of PHP) in C:\Users\Jesus\Desktop\visualstudCURSO\creacion-web\misrecetaswp\app\public\wp-content\themes\mis recetas\index.php on line 16
[11-Feb-2021 18:30:05 UTC] PHP Stack trace:
[11-Feb-2021 18:30:05 UTC] PHP   1. {main}() C:\Users\Jesus\Desktop\visualstudCURSO\creacion-web\misrecetaswp\app\public\index.php:0
[11-Feb-2021 18:30:05 UTC] PHP   2. require() C:\Users\Jesus\Desktop\visualstudCURSO\creacion-web\misrecetaswp\app\public\index.php:17
[11-Feb-2021 18:30:06 UTC] PHP Warning:  Use of undefined constant ger_stylesheet_directory - assumed 'ger_stylesheet_directory' (this will throw an Error in a future version of PHP) in C:\Users\Jesus\Desktop\visualstudCURSO\creacion-web\misrecetaswp\app\public\wp-content\themes\mis recetas\index.php on line 16
[11-Feb-2021 18:30:06 UTC] PHP   3. require_once() C:\Users\Jesus\Desktop\visualstudCURSO\creacion-web\misrecetaswp\app\public\wp-blog-header.php:19
[11-Feb-2021 18:30:06 UTC] PHP Stack trace:
[11-Feb-2021 18:30:06 UTC] PHP   4. include() C:\Users\Jesus\Desktop\visualstudCURSO\creacion-web\misrecetaswp\app\public\wp-includes\template-loader.php:106
[11-Feb-2021 18:30:06 UTC] PHP   1. {main}() C:\Users\Jesus\Desktop\visualstudCURSO\creacion-web\misrecetaswp\app\public\index.php:0
[11-Feb-2021 18:30:06 UTC] PHP Warning:  Use of undefined constant url - assumed 'url' (this will throw an Error in a future version of PHP) in C:\Users\Jesus\Desktop\visualstudCURSO\creacion-web\misrecetaswp\app\public\wp-content\themes\mis recetas\index.php on line 16
[11-Feb-2021 18:30:06 UTC] PHP   2. require() C:\Users\Jesus\Desktop\visualstudCURSO\creacion-web\misrecetaswp\app\public\index.php:17
[11-Feb-2021 18:30:06 UTC] PHP Stack trace:
[11-Feb-2021 18:30:06 UTC] PHP   3. require_once() C:\Users\Jesus\Desktop\visualstudCURSO\creacion-web\misrecetaswp\app\public\wp-blog-header.php:19
[11-Feb-2021 18:30:06 UTC] PHP   1. {main}() C:\Users\Jesus\Desktop\visualstudCURSO\creacion-web\misrecetaswp\app\public\index.php:0
[11-Feb-2021 18:30:06 UTC] PHP   4. include() C:\Users\Jesus\Desktop\visualstudCURSO\creacion-web\misrecetaswp\app\public\wp-includes\template-loader.php:106
[11-Feb-2021 18:30:06 UTC] PHP   2. require() C:\Users\Jesus\Desktop\visualstudCURSO\creacion-web\misrecetaswp\app\public\index.php:17
[11-Feb-2021 18:30:06 UTC] PHP Warning:  Use of undefined constant url - assumed 'url' (this will throw an Error in a future version of PHP) in C:\Users\Jesus\Desktop\visualstudCURSO\creacion-web\misrecetaswp\app\public\wp-content\themes\mis recetas\index.php on line 16
[11-Feb-2021 18:30:06 UTC] PHP   3. require_once() C:\Users\Jesus\Desktop\visualstudCURSO\creacion-web\misrecetaswp\app\public\wp-blog-header.php:19
[11-Feb-2021 18:30:06 UTC] PHP Stack trace:
[11-Feb-2021 18:30:06 UTC] PHP   4. include() C:\Users\Jesus\Desktop\visualstudCURSO\creacion-web\misrecetaswp\app\public\wp-includes\template-loader.php:106
[11-Feb-2021 18:30:06 UTC] PHP   1. {main}() C:\Users\Jesus\Desktop\visualstudCURSO\creacion-web\misrecetaswp\app\public\index.php:0
[11-Feb-2021 18:30:06 UTC] PHP Fatal error:  Uncaught Error: Call to undefined function get_stylesheet_directory_ury() in C:\Users\Jesus\Desktop\visualstudCURSO\creacion-web\misrecetaswp\app\public\wp-content\themes\mis recetas\index.php:103
Stack trace:
#0 C:\Users\Jesus\Desktop\visualstudCURSO\creacion-web\misrecetaswp\app\public\wp-includes\template-loader.php(106): include()
#1 C:\Users\Jesus\Desktop\visualstudCURSO\creacion-web\misrecetaswp\app\public\wp-blog-header.php(19): require_once('C:\\Users\\Jesus\\...')
#2 C:\Users\Jesus\Desktop\visualstudCURSO\creacion-web\misrecetaswp\app\public\index.php(17): require('C:\\Users\\Jesus\\...')
#3 {main}
  thrown in C:\Users\Jesus\Desktop\visualstudCURSO\creacion-web\misrecetaswp\app\public\wp-content\themes\mis recetas\index.php on line 103
[11-Feb-2021 18:30:06 UTC] PHP   2. require() C:\Users\Jesus\Desktop\visualstudCURSO\creacion-web\misrecetaswp\app\public\index.php:17
[11-Feb-2021 18:30:06 UTC] PHP   3. require_once() C:\Users\Jesus\Desktop\visualstudCURSO\creacion-web\misrecetaswp\app\public\wp-blog-header.php:19
[11-Feb-2021 18:30:06 UTC] PHP   4. include() C:\Users\Jesus\Desktop\visualstudCURSO\creacion-web\misrecetaswp\app\public\wp-includes\template-loader.php:106
[11-Feb-2021 18:30:06 UTC] PHP Fatal error:  Uncaught Error: Call to undefined function get_stylesheet_directory_ury() in C:\Users\Jesus\Desktop\visualstudCURSO\creacion-web\misrecetaswp\app\public\wp-content\themes\mis recetas\index.php:103
Stack trace:
#0 C:\Users\Jesus\Desktop\visualstudCURSO\creacion-web\misrecetaswp\app\public\wp-includes\template-loader.php(106): include()
#1 C:\Users\Jesus\Desktop\visualstudCURSO\creacion-web\misrecetaswp\app\public\wp-blog-header.php(19): require_once('C:\\Users\\Jesus\\...')
#2 C:\Users\Jesus\Desktop\visualstudCURSO\creacion-web\misrecetaswp\app\public\index.php(17): require('C:\\Users\\Jesus\\...')
#3 {main}
  thrown in C:\Users\Jesus\Desktop\visualstudCURSO\creacion-web\misrecetaswp\app\public\wp-content\themes\mis recetas\index.php on line 103
[11-Feb-2021 18:30:07 UTC] PHP Warning:  Use of undefined constant ger_stylesheet_directory - assumed 'ger_stylesheet_directory' (this will throw an Error in a future version of PHP) in C:\Users\Jesus\Desktop\visualstudCURSO\creacion-web\misrecetaswp\app\public\wp-content\themes\mis recetas\index.php on line 16
[11-Feb-2021 18:30:07 UTC] PHP Stack trace:
[11-Feb-2021 18:30:07 UTC] PHP   1. {main}() C:\Users\Jesus\Desktop\visualstudCURSO\creacion-web\misrecetaswp\app\public\index.php:0
[11-Feb-2021 18:30:07 UTC] PHP   2. require() C:\Users\Jesus\Desktop\visualstudCURSO\creacion-web\misrecetaswp\app\public\index.php:17
[11-Feb-2021 18:30:07 UTC] PHP   3. require_once() C:\Users\Jesus\Desktop\visualstudCURSO\creacion-web\misrecetaswp\app\public\wp-blog-header.php:19
[11-Feb-2021 18:30:07 UTC] PHP Warning:  Use of undefined constant ger_stylesheet_directory - assumed 'ger_stylesheet_directory' (this will throw an Error in a future version of PHP) in C:\Users\Jesus\Desktop\visualstudCURSO\creacion-web\misrecetaswp\app\public\wp-content\themes\mis recetas\index.php on line 16
[11-Feb-2021 18:30:07 UTC] PHP   4. include() C:\Users\Jesus\Desktop\visualstudCURSO\creacion-web\misrecetaswp\app\public\wp-includes\template-loader.php:106
[11-Feb-2021 18:30:07 UTC] PHP Stack trace:
[11-Feb-2021 18:30:07 UTC] PHP Warning:  Use of undefined constant url - assumed 'url' (this will throw an Error in a future version of PHP) in C:\Users\Jesus\Desktop\visualstudCURSO\creacion-web\misrecetaswp\app\public\wp-content\themes\mis recetas\index.php on line 16
[11-Feb-2021 18:30:07 UTC] PHP   1. {main}() C:\Users\Jesus\Desktop\visualstudCURSO\creacion-web\misrecetaswp\app\public\index.php:0
[11-Feb-2021 18:30:07 UTC] PHP Stack trace:
[11-Feb-2021 18:30:07 UTC] PHP   2. require() C:\Users\Jesus\Desktop\visualstudCURSO\creacion-web\misrecetaswp\app\public\index.php:17
[11-Feb-2021 18:30:07 UTC] PHP   1. {main}() C:\Users\Jesus\Desktop\visualstudCURSO\creacion-web\misrecetaswp\app\public\index.php:0
[11-Feb-2021 18:30:07 UTC] PHP   3. require_once() C:\Users\Jesus\Desktop\visualstudCURSO\creacion-web\misrecetaswp\app\public\wp-blog-header.php:19
[11-Feb-2021 18:30:07 UTC] PHP   2. require() C:\Users\Jesus\Desktop\visualstudCURSO\creacion-web\misrecetaswp\app\public\index.php:17
[11-Feb-2021 18:30:07 UTC] PHP   4. include() C:\Users\Jesus\Desktop\visualstudCURSO\creacion-web\misrecetaswp\app\public\wp-includes\template-loader.php:106
[11-Feb-2021 18:30:07 UTC] PHP   3. require_once() C:\Users\Jesus\Desktop\visualstudCURSO\creacion-web\misrecetaswp\app\public\wp-blog-header.php:19
[11-Feb-2021 18:30:07 UTC] PHP Warning:  Use of undefined constant url - assumed 'url' (this will throw an Error in a future version of PHP) in C:\Users\Jesus\Desktop\visualstudCURSO\creacion-web\misrecetaswp\app\public\wp-content\themes\mis recetas\index.php on line 16
[11-Feb-2021 18:30:07 UTC] PHP   4. include() C:\Users\Jesus\Desktop\visualstudCURSO\creacion-web\misrecetaswp\app\public\wp-includes\template-loader.php:106
[11-Feb-2021 18:30:07 UTC] PHP Stack trace:
[11-Feb-2021 18:30:07 UTC] PHP Fatal error:  Uncaught Error: Call to undefined function get_stylesheet_directory_ury() in C:\Users\Jesus\Desktop\visualstudCURSO\creacion-web\misrecetaswp\app\public\wp-content\themes\mis recetas\index.php:103
Stack trace:
#0 C:\Users\Jesus\Desktop\visualstudCURSO\creacion-web\misrecetaswp\app\public\wp-includes\template-loader.php(106): include()
#1 C:\Users\Jesus\Desktop\visualstudCURSO\creacion-web\misrecetaswp\app\public\wp-blog-header.php(19): require_once('C:\\Users\\Jesus\\...')
#2 C:\Users\Jesus\Desktop\visualstudCURSO\creacion-web\misrecetaswp\app\public\index.php(17): require('C:\\Users\\Jesus\\...')
#3 {main}
  thrown in C:\Users\Jesus\Desktop\visualstudCURSO\creacion-web\misrecetaswp\app\public\wp-content\themes\mis recetas\index.php on line 103
[11-Feb-2021 18:30:07 UTC] PHP   1. {main}() C:\Users\Jesus\Desktop\visualstudCURSO\creacion-web\misrecetaswp\app\public\index.php:0
[11-Feb-2021 18:30:07 UTC] PHP   2. require() C:\Users\Jesus\Desktop\visualstudCURSO\creacion-web\misrecetaswp\app\public\index.php:17
[11-Feb-2021 18:30:07 UTC] PHP   3. require_once() C:\Users\Jesus\Desktop\visualstudCURSO\creacion-web\misrecetaswp\app\public\wp-blog-header.php:19
[11-Feb-2021 18:30:07 UTC] PHP   4. include() C:\Users\Jesus\Desktop\visualstudCURSO\creacion-web\misrecetaswp\app\public\wp-includes\template-loader.php:106
[11-Feb-2021 18:30:07 UTC] PHP Fatal error:  Uncaught Error: Call to undefined function get_stylesheet_directory_ury() in C:\Users\Jesus\Desktop\visualstudCURSO\creacion-web\misrecetaswp\app\public\wp-content\themes\mis recetas\index.php:103
Stack trace:
#0 C:\Users\Jesus\Desktop\visualstudCURSO\creacion-web\misrecetaswp\app\public\wp-includes\template-loader.php(106): include()
#1 C:\Users\Jesus\Desktop\visualstudCURSO\creacion-web\misrecetaswp\app\public\wp-blog-header.php(19): require_once('C:\\Users\\Jesus\\...')
#2 C:\Users\Jesus\Desktop\visualstudCURSO\creacion-web\misrecetaswp\app\public\index.php(17): require('C:\\Users\\Jesus\\...')
#3 {main}
  thrown in C:\Users\Jesus\Desktop\visualstudCURSO\creacion-web\misrecetaswp\app\public\wp-content\themes\mis recetas\index.php on line 103
[11-Feb-2021 18:30:08 UTC] PHP Warning:  Use of undefined constant ger_stylesheet_directory - assumed 'ger_stylesheet_directory' (this will throw an Error in a future version of PHP) in C:\Users\Jesus\Desktop\visualstudCURSO\creacion-web\misrecetaswp\app\public\wp-content\themes\mis recetas\index.php on line 16
[11-Feb-2021 18:30:08 UTC] PHP Stack trace:
[11-Feb-2021 18:30:08 UTC] PHP   1. {main}() C:\Users\Jesus\Desktop\visualstudCURSO\creacion-web\misrecetaswp\app\public\index.php:0
[11-Feb-2021 18:30:08 UTC] PHP   2. require() C:\Users\Jesus\Desktop\visualstudCURSO\creacion-web\misrecetaswp\app\public\index.php:17
[11-Feb-2021 18:30:08 UTC] PHP   3. require_once() C:\Users\Jesus\Desktop\visualstudCURSO\creacion-web\misrecetaswp\app\public\wp-blog-header.php:19
[11-Feb-2021 18:30:08 UTC] PHP   4. include() C:\Users\Jesus\Desktop\visualstudCURSO\creacion-web\misrecetaswp\app\public\wp-includes\template-loader.php:106
[11-Feb-2021 18:30:08 UTC] PHP Warning:  Use of undefined constant url - assumed 'url' (this will throw an Error in a future version of PHP) in C:\Users\Jesus\Desktop\visualstudCURSO\creacion-web\misrecetaswp\app\public\wp-content\themes\mis recetas\index.php on line 16
[11-Feb-2021 18:30:08 UTC] PHP Stack trace:
[11-Feb-2021 18:30:08 UTC] PHP   1. {main}() C:\Users\Jesus\Desktop\visualstudCURSO\creacion-web\misrecetaswp\app\public\index.php:0
[11-Feb-2021 18:30:08 UTC] PHP   2. require() C:\Users\Jesus\Desktop\visualstudCURSO\creacion-web\misrecetaswp\app\public\index.php:17
[11-Feb-2021 18:30:08 UTC] PHP   3. require_once() C:\Users\Jesus\Desktop\visualstudCURSO\creacion-web\misrecetaswp\app\public\wp-blog-header.php:19
[11-Feb-2021 18:30:08 UTC] PHP   4. include() C:\Users\Jesus\Desktop\visualstudCURSO\creacion-web\misrecetaswp\app\public\wp-includes\template-loader.php:106
[11-Feb-2021 18:30:08 UTC] PHP Fatal error:  Uncaught Error: Call to undefined function get_stylesheet_directory_ury() in C:\Users\Jesus\Desktop\visualstudCURSO\creacion-web\misrecetaswp\app\public\wp-content\themes\mis recetas\index.php:103
Stack trace:
#0 C:\Users\Jesus\Desktop\visualstudCURSO\creacion-web\misrecetaswp\app\public\wp-includes\template-loader.php(106): include()
#1 C:\Users\Jesus\Desktop\visualstudCURSO\creacion-web\misrecetaswp\app\public\wp-blog-header.php(19): require_once('C:\\Users\\Jesus\\...')
#2 C:\Users\Jesus\Desktop\visualstudCURSO\creacion-web\misrecetaswp\app\public\index.php(17): require('C:\\Users\\Jesus\\...')
#3 {main}
  thrown in C:\Users\Jesus\Desktop\visualstudCURSO\creacion-web\misrecetaswp\app\public\wp-content\themes\mis recetas\index.php on line 103
[11-Feb-2021 18:30:30 UTC] PHP Warning:  Use of undefined constant ger_stylesheet_directory - assumed 'ger_stylesheet_directory' (this will throw an Error in a future version of PHP) in C:\Users\Jesus\Desktop\visualstudCURSO\creacion-web\misrecetaswp\app\public\wp-content\themes\mis recetas\index.php on line 16
[11-Feb-2021 18:30:30 UTC] PHP Stack trace:
[11-Feb-2021 18:30:30 UTC] PHP   1. {main}() C:\Users\Jesus\Desktop\visualstudCURSO\creacion-web\misrecetaswp\app\public\index.php:0
[11-Feb-2021 18:30:30 UTC] PHP   2. require() C:\Users\Jesus\Desktop\visualstudCURSO\creacion-web\misrecetaswp\app\public\index.php:17
[11-Feb-2021 18:30:30 UTC] PHP   3. require_once() C:\Users\Jesus\Desktop\visualstudCURSO\creacion-web\misrecetaswp\app\public\wp-blog-header.php:19
[11-Feb-2021 18:30:30 UTC] PHP   4. include() C:\Users\Jesus\Desktop\visualstudCURSO\creacion-web\misrecetaswp\app\public\wp-includes\template-loader.php:106
[11-Feb-2021 18:30:30 UTC] PHP Warning:  Use of undefined constant url - assumed 'url' (this will throw an Error in a future version of PHP) in C:\Users\Jesus\Desktop\visualstudCURSO\creacion-web\misrecetaswp\app\public\wp-content\themes\mis recetas\index.php on line 16
[11-Feb-2021 18:30:30 UTC] PHP Stack trace:
[11-Feb-2021 18:30:30 UTC] PHP   1. {main}() C:\Users\Jesus\Desktop\visualstudCURSO\creacion-web\misrecetaswp\app\public\index.php:0
[11-Feb-2021 18:30:30 UTC] PHP   2. require() C:\Users\Jesus\Desktop\visualstudCURSO\creacion-web\misrecetaswp\app\public\index.php:17
[11-Feb-2021 18:30:30 UTC] PHP   3. require_once() C:\Users\Jesus\Desktop\visualstudCURSO\creacion-web\misrecetaswp\app\public\wp-blog-header.php:19
[11-Feb-2021 18:30:30 UTC] PHP   4. include() C:\Users\Jesus\Desktop\visualstudCURSO\creacion-web\misrecetaswp\app\public\wp-includes\template-loader.php:106
[11-Feb-2021 18:30:31 UTC] PHP Warning:  Use of undefined constant ger_stylesheet_directory - assumed 'ger_stylesheet_directory' (this will throw an Error in a future version of PHP) in C:\Users\Jesus\Desktop\visualstudCURSO\creacion-web\misrecetaswp\app\public\wp-content\themes\mis recetas\index.php on line 16
[11-Feb-2021 18:30:31 UTC] PHP Stack trace:
[11-Feb-2021 18:30:31 UTC] PHP   1. {main}() C:\Users\Jesus\Desktop\visualstudCURSO\creacion-web\misrecetaswp\app\public\index.php:0
[11-Feb-2021 18:30:31 UTC] PHP   2. require() C:\Users\Jesus\Desktop\visualstudCURSO\creacion-web\misrecetaswp\app\public\index.php:17
[11-Feb-2021 18:30:31 UTC] PHP   3. require_once() C:\Users\Jesus\Desktop\visualstudCURSO\creacion-web\misrecetaswp\app\public\wp-blog-header.php:19
[11-Feb-2021 18:30:31 UTC] PHP   4. include() C:\Users\Jesus\Desktop\visualstudCURSO\creacion-web\misrecetaswp\app\public\wp-includes\template-loader.php:106
[11-Feb-2021 18:30:31 UTC] PHP Warning:  Use of undefined constant url - assumed 'url' (this will throw an Error in a future version of PHP) in C:\Users\Jesus\Desktop\visualstudCURSO\creacion-web\misrecetaswp\app\public\wp-content\themes\mis recetas\index.php on line 16
[11-Feb-2021 18:30:31 UTC] PHP Stack trace:
[11-Feb-2021 18:30:31 UTC] PHP   1. {main}() C:\Users\Jesus\Desktop\visualstudCURSO\creacion-web\misrecetaswp\app\public\index.php:0
[11-Feb-2021 18:30:31 UTC] PHP Warning:  Use of undefined constant ger_stylesheet_directory - assumed 'ger_stylesheet_directory' (this will throw an Error in a future version of PHP) in C:\Users\Jesus\Desktop\visualstudCURSO\creacion-web\misrecetaswp\app\public\wp-content\themes\mis recetas\index.php on line 16
[11-Feb-2021 18:30:31 UTC] PHP   2. require() C:\Users\Jesus\Desktop\visualstudCURSO\creacion-web\misrecetaswp\app\public\index.php:17
[11-Feb-2021 18:30:31 UTC] PHP Stack trace:
[11-Feb-2021 18:30:31 UTC] PHP   3. require_once() C:\Users\Jesus\Desktop\visualstudCURSO\creacion-web\misrecetaswp\app\public\wp-blog-header.php:19
[11-Feb-2021 18:30:31 UTC] PHP   1. {main}() C:\Users\Jesus\Desktop\visualstudCURSO\creacion-web\misrecetaswp\app\public\index.php:0
[11-Feb-2021 18:30:31 UTC] PHP   4. include() C:\Users\Jesus\Desktop\visualstudCURSO\creacion-web\misrecetaswp\app\public\wp-includes\template-loader.php:106
[11-Feb-2021 18:30:31 UTC] PHP   2. require() C:\Users\Jesus\Desktop\visualstudCURSO\creacion-web\misrecetaswp\app\public\index.php:17
[11-Feb-2021 18:30:32 UTC] PHP   3. require_once() C:\Users\Jesus\Desktop\visualstudCURSO\creacion-web\misrecetaswp\app\public\wp-blog-header.php:19
[11-Feb-2021 18:30:32 UTC] PHP   4. include() C:\Users\Jesus\Desktop\visualstudCURSO\creacion-web\misrecetaswp\app\public\wp-includes\template-loader.php:106
[11-Feb-2021 18:30:32 UTC] PHP Warning:  Use of undefined constant url - assumed 'url' (this will throw an Error in a future version of PHP) in C:\Users\Jesus\Desktop\visualstudCURSO\creacion-web\misrecetaswp\app\public\wp-content\themes\mis recetas\index.php on line 16
[11-Feb-2021 18:30:32 UTC] PHP Stack trace:
[11-Feb-2021 18:30:32 UTC] PHP   1. {main}() C:\Users\Jesus\Desktop\visualstudCURSO\creacion-web\misrecetaswp\app\public\index.php:0
[11-Feb-2021 18:30:32 UTC] PHP   2. require() C:\Users\Jesus\Desktop\visualstudCURSO\creacion-web\misrecetaswp\app\public\index.php:17
[11-Feb-2021 18:30:32 UTC] PHP   3. require_once() C:\Users\Jesus\Desktop\visualstudCURSO\creacion-web\misrecetaswp\app\public\wp-blog-header.php:19
[11-Feb-2021 18:30:32 UTC] PHP   4. include() C:\Users\Jesus\Desktop\visualstudCURSO\creacion-web\misrecetaswp\app\public\wp-includes\template-loader.php:106
[11-Feb-2021 18:30:32 UTC] PHP Warning:  Use of undefined constant ger_stylesheet_directory - assumed 'ger_stylesheet_directory' (this will throw an Error in a future version of PHP) in C:\Users\Jesus\Desktop\visualstudCURSO\creacion-web\misrecetaswp\app\public\wp-content\themes\mis recetas\index.php on line 16
[11-Feb-2021 18:30:32 UTC] PHP Stack trace:
[11-Feb-2021 18:30:32 UTC] PHP   1. {main}() C:\Users\Jesus\Desktop\visualstudCURSO\creacion-web\misrecetaswp\app\public\index.php:0
[11-Feb-2021 18:30:32 UTC] PHP   2. require() C:\Users\Jesus\Desktop\visualstudCURSO\creacion-web\misrecetaswp\app\public\index.php:17
[11-Feb-2021 18:30:32 UTC] PHP   3. require_once() C:\Users\Jesus\Desktop\visualstudCURSO\creacion-web\misrecetaswp\app\public\wp-blog-header.php:19
[11-Feb-2021 18:30:32 UTC] PHP   4. include() C:\Users\Jesus\Desktop\visualstudCURSO\creacion-web\misrecetaswp\app\public\wp-includes\template-loader.php:106
[11-Feb-2021 18:30:32 UTC] PHP Warning:  Use of undefined constant ger_stylesheet_directory - assumed 'ger_stylesheet_directory' (this will throw an Error in a future version of PHP) in C:\Users\Jesus\Desktop\visualstudCURSO\creacion-web\misrecetaswp\app\public\wp-content\themes\mis recetas\index.php on line 16
[11-Feb-2021 18:30:32 UTC] PHP Warning:  Use of undefined constant url - assumed 'url' (this will throw an Error in a future version of PHP) in C:\Users\Jesus\Desktop\visualstudCURSO\creacion-web\misrecetaswp\app\public\wp-content\themes\mis recetas\index.php on line 16
[11-Feb-2021 18:30:32 UTC] PHP Stack trace:
[11-Feb-2021 18:30:32 UTC] PHP Stack trace:
[11-Feb-2021 18:30:32 UTC] PHP   1. {main}() C:\Users\Jesus\Desktop\visualstudCURSO\creacion-web\misrecetaswp\app\public\index.php:0
[11-Feb-2021 18:30:32 UTC] PHP   1. {main}() C:\Users\Jesus\Desktop\visualstudCURSO\creacion-web\misrecetaswp\app\public\index.php:0
[11-Feb-2021 18:30:33 UTC] PHP   2. require() C:\Users\Jesus\Desktop\visualstudCURSO\creacion-web\misrecetaswp\app\public\index.php:17
[11-Feb-2021 18:30:33 UTC] PHP   2. require() C:\Users\Jesus\Desktop\visualstudCURSO\creacion-web\misrecetaswp\app\public\index.php:17
[11-Feb-2021 18:30:33 UTC] PHP   3. require_once() C:\Users\Jesus\Desktop\visualstudCURSO\creacion-web\misrecetaswp\app\public\wp-blog-header.php:19
[11-Feb-2021 18:30:33 UTC] PHP   3. require_once() C:\Users\Jesus\Desktop\visualstudCURSO\creacion-web\misrecetaswp\app\public\wp-blog-header.php:19
[11-Feb-2021 18:30:33 UTC] PHP   4. include() C:\Users\Jesus\Desktop\visualstudCURSO\creacion-web\misrecetaswp\app\public\wp-includes\template-loader.php:106
[11-Feb-2021 18:30:33 UTC] PHP   4. include() C:\Users\Jesus\Desktop\visualstudCURSO\creacion-web\misrecetaswp\app\public\wp-includes\template-loader.php:106
[11-Feb-2021 18:30:33 UTC] PHP Warning:  Use of undefined constant url - assumed 'url' (this will throw an Error in a future version of PHP) in C:\Users\Jesus\Desktop\visualstudCURSO\creacion-web\misrecetaswp\app\public\wp-content\themes\mis recetas\index.php on line 16
[11-Feb-2021 18:30:33 UTC] PHP Stack trace:
[11-Feb-2021 18:30:33 UTC] PHP   1. {main}() C:\Users\Jesus\Desktop\visualstudCURSO\creacion-web\misrecetaswp\app\public\index.php:0
[11-Feb-2021 18:30:33 UTC] PHP   2. require() C:\Users\Jesus\Desktop\visualstudCURSO\creacion-web\misrecetaswp\app\public\index.php:17
[11-Feb-2021 18:30:33 UTC] PHP   3. require_once() C:\Users\Jesus\Desktop\visualstudCURSO\creacion-web\misrecetaswp\app\public\wp-blog-header.php:19
[11-Feb-2021 18:30:33 UTC] PHP   4. include() C:\Users\Jesus\Desktop\visualstudCURSO\creacion-web\misrecetaswp\app\public\wp-includes\template-loader.php:106
[11-Feb-2021 18:30:33 UTC] PHP Warning:  Use of undefined constant ger_stylesheet_directory - assumed 'ger_stylesheet_directory' (this will throw an Error in a future version of PHP) in C:\Users\Jesus\Desktop\visualstudCURSO\creacion-web\misrecetaswp\app\public\wp-content\themes\mis recetas\index.php on line 16
[11-Feb-2021 18:30:33 UTC] PHP Stack trace:
[11-Feb-2021 18:30:33 UTC] PHP   1. {main}() C:\Users\Jesus\Desktop\visualstudCURSO\creacion-web\misrecetaswp\app\public\index.php:0
[11-Feb-2021 18:30:33 UTC] PHP   2. require() C:\Users\Jesus\Desktop\visualstudCURSO\creacion-web\misrecetaswp\app\public\index.php:17
[11-Feb-2021 18:30:33 UTC] PHP   3. require_once() C:\Users\Jesus\Desktop\visualstudCURSO\creacion-web\misrecetaswp\app\public\wp-blog-header.php:19
[11-Feb-2021 18:30:33 UTC] PHP   4. include() C:\Users\Jesus\Desktop\visualstudCURSO\creacion-web\misrecetaswp\app\public\wp-includes\template-loader.php:106
[11-Feb-2021 18:30:33 UTC] PHP Warning:  Use of undefined constant url - assumed 'url' (this will throw an Error in a future version of PHP) in C:\Users\Jesus\Desktop\visualstudCURSO\creacion-web\misrecetaswp\app\public\wp-content\themes\mis recetas\index.php on line 16
[11-Feb-2021 18:30:33 UTC] PHP Stack trace:
[11-Feb-2021 18:30:33 UTC] PHP Warning:  Use of undefined constant ger_stylesheet_directory - assumed 'ger_stylesheet_directory' (this will throw an Error in a future version of PHP) in C:\Users\Jesus\Desktop\visualstudCURSO\creacion-web\misrecetaswp\app\public\wp-content\themes\mis recetas\index.php on line 16
[11-Feb-2021 18:30:33 UTC] PHP   1. {main}() C:\Users\Jesus\Desktop\visualstudCURSO\creacion-web\misrecetaswp\app\public\index.php:0
[11-Feb-2021 18:30:33 UTC] PHP Stack trace:
[11-Feb-2021 18:30:33 UTC] PHP   2. require() C:\Users\Jesus\Desktop\visualstudCURSO\creacion-web\misrecetaswp\app\public\index.php:17
[11-Feb-2021 18:30:33 UTC] PHP   1. {main}() C:\Users\Jesus\Desktop\visualstudCURSO\creacion-web\misrecetaswp\app\public\index.php:0
[11-Feb-2021 18:30:34 UTC] PHP   3. require_once() C:\Users\Jesus\Desktop\visualstudCURSO\creacion-web\misrecetaswp\app\public\wp-blog-header.php:19
[11-Feb-2021 18:30:34 UTC] PHP   2. require() C:\Users\Jesus\Desktop\visualstudCURSO\creacion-web\misrecetaswp\app\public\index.php:17
[11-Feb-2021 18:30:34 UTC] PHP   4. include() C:\Users\Jesus\Desktop\visualstudCURSO\creacion-web\misrecetaswp\app\public\wp-includes\template-loader.php:106
[11-Feb-2021 18:30:34 UTC] PHP   3. require_once() C:\Users\Jesus\Desktop\visualstudCURSO\creacion-web\misrecetaswp\app\public\wp-blog-header.php:19
[11-Feb-2021 18:30:34 UTC] PHP   4. include() C:\Users\Jesus\Desktop\visualstudCURSO\creacion-web\misrecetaswp\app\public\wp-includes\template-loader.php:106
[11-Feb-2021 18:30:34 UTC] PHP Warning:  Use of undefined constant url - assumed 'url' (this will throw an Error in a future version of PHP) in C:\Users\Jesus\Desktop\visualstudCURSO\creacion-web\misrecetaswp\app\public\wp-content\themes\mis recetas\index.php on line 16
[11-Feb-2021 18:30:34 UTC] PHP Stack trace:
[11-Feb-2021 18:30:34 UTC] PHP   1. {main}() C:\Users\Jesus\Desktop\visualstudCURSO\creacion-web\misrecetaswp\app\public\index.php:0
[11-Feb-2021 18:30:34 UTC] PHP   2. require() C:\Users\Jesus\Desktop\visualstudCURSO\creacion-web\misrecetaswp\app\public\index.php:17
[11-Feb-2021 18:30:34 UTC] PHP   3. require_once() C:\Users\Jesus\Desktop\visualstudCURSO\creacion-web\misrecetaswp\app\public\wp-blog-header.php:19
[11-Feb-2021 18:30:34 UTC] PHP   4. include() C:\Users\Jesus\Desktop\visualstudCURSO\creacion-web\misrecetaswp\app\public\wp-includes\template-loader.php:106
[11-Feb-2021 18:30:34 UTC] PHP Warning:  Use of undefined constant ger_stylesheet_directory - assumed 'ger_stylesheet_directory' (this will throw an Error in a future version of PHP) in C:\Users\Jesus\Desktop\visualstudCURSO\creacion-web\misrecetaswp\app\public\wp-content\themes\mis recetas\index.php on line 16
[11-Feb-2021 18:30:34 UTC] PHP Stack trace:
[11-Feb-2021 18:30:34 UTC] PHP   1. {main}() C:\Users\Jesus\Desktop\visualstudCURSO\creacion-web\misrecetaswp\app\public\index.php:0
[11-Feb-2021 18:30:34 UTC] PHP   2. require() C:\Users\Jesus\Desktop\visualstudCURSO\creacion-web\misrecetaswp\app\public\index.php:17
[11-Feb-2021 18:30:34 UTC] PHP   3. require_once() C:\Users\Jesus\Desktop\visualstudCURSO\creacion-web\misrecetaswp\app\public\wp-blog-header.php:19
[11-Feb-2021 18:30:34 UTC] PHP   4. include() C:\Users\Jesus\Desktop\visualstudCURSO\creacion-web\misrecetaswp\app\public\wp-includes\template-loader.php:106
[11-Feb-2021 18:30:34 UTC] PHP Warning:  Use of undefined constant url - assumed 'url' (this will throw an Error in a future version of PHP) in C:\Users\Jesus\Desktop\visualstudCURSO\creacion-web\misrecetaswp\app\public\wp-content\themes\mis recetas\index.php on line 16
[11-Feb-2021 18:30:34 UTC] PHP Stack trace:
[11-Feb-2021 18:30:34 UTC] PHP   1. {main}() C:\Users\Jesus\Desktop\visualstudCURSO\creacion-web\misrecetaswp\app\public\index.php:0
[11-Feb-2021 18:30:34 UTC] PHP   2. require() C:\Users\Jesus\Desktop\visualstudCURSO\creacion-web\misrecetaswp\app\public\index.php:17
[11-Feb-2021 18:30:34 UTC] PHP   3. require_once() C:\Users\Jesus\Desktop\visualstudCURSO\creacion-web\misrecetaswp\app\public\wp-blog-header.php:19
[11-Feb-2021 18:30:34 UTC] PHP   4. include() C:\Users\Jesus\Desktop\visualstudCURSO\creacion-web\misrecetaswp\app\public\wp-includes\template-loader.php:106
[11-Feb-2021 18:32:47 UTC] PHP Warning:  Use of undefined constant ger_stylesheet_directory - assumed 'ger_stylesheet_directory' (this will throw an Error in a future version of PHP) in C:\Users\Jesus\Desktop\visualstudCURSO\creacion-web\misrecetaswp\app\public\wp-content\themes\mis recetas\index.php on line 16
[11-Feb-2021 18:32:47 UTC] PHP Stack trace:
[11-Feb-2021 18:32:47 UTC] PHP   1. {main}() C:\Users\Jesus\Desktop\visualstudCURSO\creacion-web\misrecetaswp\app\public\index.php:0
[11-Feb-2021 18:32:47 UTC] PHP   2. require() C:\Users\Jesus\Desktop\visualstudCURSO\creacion-web\misrecetaswp\app\public\index.php:17
[11-Feb-2021 18:32:47 UTC] PHP   3. require_once() C:\Users\Jesus\Desktop\visualstudCURSO\creacion-web\misrecetaswp\app\public\wp-blog-header.php:19
[11-Feb-2021 18:32:47 UTC] PHP   4. include() C:\Users\Jesus\Desktop\visualstudCURSO\creacion-web\misrecetaswp\app\public\wp-includes\template-loader.php:106
[11-Feb-2021 18:32:47 UTC] PHP Warning:  Use of undefined constant url - assumed 'url' (this will throw an Error in a future version of PHP) in C:\Users\Jesus\Desktop\visualstudCURSO\creacion-web\misrecetaswp\app\public\wp-content\themes\mis recetas\index.php on line 16
[11-Feb-2021 18:32:47 UTC] PHP Stack trace:
[11-Feb-2021 18:32:47 UTC] PHP   1. {main}() C:\Users\Jesus\Desktop\visualstudCURSO\creacion-web\misrecetaswp\app\public\index.php:0
[11-Feb-2021 18:32:47 UTC] PHP   2. require() C:\Users\Jesus\Desktop\visualstudCURSO\creacion-web\misrecetaswp\app\public\index.php:17
[11-Feb-2021 18:32:47 UTC] PHP   3. require_once() C:\Users\Jesus\Desktop\visualstudCURSO\creacion-web\misrecetaswp\app\public\wp-blog-header.php:19
[11-Feb-2021 18:32:47 UTC] PHP   4. include() C:\Users\Jesus\Desktop\visualstudCURSO\creacion-web\misrecetaswp\app\public\wp-includes\template-loader.php:106
[11-Feb-2021 18:32:48 UTC] PHP Warning:  Use of undefined constant ger_stylesheet_directory - assumed 'ger_stylesheet_directory' (this will throw an Error in a future version of PHP) in C:\Users\Jesus\Desktop\visualstudCURSO\creacion-web\misrecetaswp\app\public\wp-content\themes\mis recetas\index.php on line 16
[11-Feb-2021 18:32:48 UTC] PHP Stack trace:
[11-Feb-2021 18:32:48 UTC] PHP   1. {main}() C:\Users\Jesus\Desktop\visualstudCURSO\creacion-web\misrecetaswp\app\public\index.php:0
[11-Feb-2021 18:32:48 UTC] PHP   2. require() C:\Users\Jesus\Desktop\visualstudCURSO\creacion-web\misrecetaswp\app\public\index.php:17
[11-Feb-2021 18:32:48 UTC] PHP   3. require_once() C:\Users\Jesus\Desktop\visualstudCURSO\creacion-web\misrecetaswp\app\public\wp-blog-header.php:19
[11-Feb-2021 18:32:48 UTC] PHP   4. include() C:\Users\Jesus\Desktop\visualstudCURSO\creacion-web\misrecetaswp\app\public\wp-includes\template-loader.php:106
[11-Feb-2021 18:32:48 UTC] PHP Warning:  Use of undefined constant url - assumed 'url' (this will throw an Error in a future version of PHP) in C:\Users\Jesus\Desktop\visualstudCURSO\creacion-web\misrecetaswp\app\public\wp-content\themes\mis recetas\index.php on line 16
[11-Feb-2021 18:32:49 UTC] PHP Stack trace:
[11-Feb-2021 18:32:49 UTC] PHP   1. {main}() C:\Users\Jesus\Desktop\visualstudCURSO\creacion-web\misrecetaswp\app\public\index.php:0
[11-Feb-2021 18:32:49 UTC] PHP Warning:  Use of undefined constant ger_stylesheet_directory - assumed 'ger_stylesheet_directory' (this will throw an Error in a future version of PHP) in C:\Users\Jesus\Desktop\visualstudCURSO\creacion-web\misrecetaswp\app\public\wp-content\themes\mis recetas\index.php on line 16
[11-Feb-2021 18:32:49 UTC] PHP   2. require() C:\Users\Jesus\Desktop\visualstudCURSO\creacion-web\misrecetaswp\app\public\index.php:17
[11-Feb-2021 18:32:49 UTC] PHP Stack trace:
[11-Feb-2021 18:32:49 UTC] PHP   3. require_once() C:\Users\Jesus\Desktop\visualstudCURSO\creacion-web\misrecetaswp\app\public\wp-blog-header.php:19
[11-Feb-2021 18:32:49 UTC] PHP   1. {main}() C:\Users\Jesus\Desktop\visualstudCURSO\creacion-web\misrecetaswp\app\public\index.php:0
[11-Feb-2021 18:32:49 UTC] PHP   4. include() C:\Users\Jesus\Desktop\visualstudCURSO\creacion-web\misrecetaswp\app\public\wp-includes\template-loader.php:106
[11-Feb-2021 18:32:49 UTC] PHP   2. require() C:\Users\Jesus\Desktop\visualstudCURSO\creacion-web\misrecetaswp\app\public\index.php:17
[11-Feb-2021 18:32:49 UTC] PHP   3. require_once() C:\Users\Jesus\Desktop\visualstudCURSO\creacion-web\misrecetaswp\app\public\wp-blog-header.php:19
[11-Feb-2021 18:32:49 UTC] PHP   4. include() C:\Users\Jesus\Desktop\visualstudCURSO\creacion-web\misrecetaswp\app\public\wp-includes\template-loader.php:106
[11-Feb-2021 18:32:49 UTC] PHP Warning:  Use of undefined constant url - assumed 'url' (this will throw an Error in a future version of PHP) in C:\Users\Jesus\Desktop\visualstudCURSO\creacion-web\misrecetaswp\app\public\wp-content\themes\mis recetas\index.php on line 16
[11-Feb-2021 18:32:49 UTC] PHP Stack trace:
[11-Feb-2021 18:32:49 UTC] PHP   1. {main}() C:\Users\Jesus\Desktop\visualstudCURSO\creacion-web\misrecetaswp\app\public\index.php:0
[11-Feb-2021 18:32:49 UTC] PHP   2. require() C:\Users\Jesus\Desktop\visualstudCURSO\creacion-web\misrecetaswp\app\public\index.php:17
[11-Feb-2021 18:32:49 UTC] PHP   3. require_once() C:\Users\Jesus\Desktop\visualstudCURSO\creacion-web\misrecetaswp\app\public\wp-blog-header.php:19
[11-Feb-2021 18:32:49 UTC] PHP   4. include() C:\Users\Jesus\Desktop\visualstudCURSO\creacion-web\misrecetaswp\app\public\wp-includes\template-loader.php:106
[11-Feb-2021 18:32:49 UTC] PHP Warning:  Use of undefined constant ger_stylesheet_directory - assumed 'ger_stylesheet_directory' (this will throw an Error in a future version of PHP) in C:\Users\Jesus\Desktop\visualstudCURSO\creacion-web\misrecetaswp\app\public\wp-content\themes\mis recetas\index.php on line 16
[11-Feb-2021 18:32:49 UTC] PHP Stack trace:
[11-Feb-2021 18:32:49 UTC] PHP   1. {main}() C:\Users\Jesus\Desktop\visualstudCURSO\creacion-web\misrecetaswp\app\public\index.php:0
[11-Feb-2021 18:32:49 UTC] PHP   2. require() C:\Users\Jesus\Desktop\visualstudCURSO\creacion-web\misrecetaswp\app\public\index.php:17
[11-Feb-2021 18:32:49 UTC] PHP   3. require_once() C:\Users\Jesus\Desktop\visualstudCURSO\creacion-web\misrecetaswp\app\public\wp-blog-header.php:19
[11-Feb-2021 18:32:49 UTC] PHP   4. include() C:\Users\Jesus\Desktop\visualstudCURSO\creacion-web\misrecetaswp\app\public\wp-includes\template-loader.php:106
[11-Feb-2021 18:32:49 UTC] PHP Warning:  Use of undefined constant url - assumed 'url' (this will throw an Error in a future version of PHP) in C:\Users\Jesus\Desktop\visualstudCURSO\creacion-web\misrecetaswp\app\public\wp-content\themes\mis recetas\index.php on line 16
[11-Feb-2021 18:32:49 UTC] PHP Stack trace:
[11-Feb-2021 18:32:49 UTC] PHP Warning:  Use of undefined constant ger_stylesheet_directory - assumed 'ger_stylesheet_directory' (this will throw an Error in a future version of PHP) in C:\Users\Jesus\Desktop\visualstudCURSO\creacion-web\misrecetaswp\app\public\wp-content\themes\mis recetas\index.php on line 16
[11-Feb-2021 18:32:49 UTC] PHP   1. {main}() C:\Users\Jesus\Desktop\visualstudCURSO\creacion-web\misrecetaswp\app\public\index.php:0
[11-Feb-2021 18:32:49 UTC] PHP Stack trace:
[11-Feb-2021 18:32:49 UTC] PHP   2. require() C:\Users\Jesus\Desktop\visualstudCURSO\creacion-web\misrecetaswp\app\public\index.php:17
[11-Feb-2021 18:32:49 UTC] PHP   1. {main}() C:\Users\Jesus\Desktop\visualstudCURSO\creacion-web\misrecetaswp\app\public\index.php:0
[11-Feb-2021 18:32:50 UTC] PHP   3. require_once() C:\Users\Jesus\Desktop\visualstudCURSO\creacion-web\misrecetaswp\app\public\wp-blog-header.php:19
[11-Feb-2021 18:32:50 UTC] PHP   2. require() C:\Users\Jesus\Desktop\visualstudCURSO\creacion-web\misrecetaswp\app\public\index.php:17
[11-Feb-2021 18:32:50 UTC] PHP   4. include() C:\Users\Jesus\Desktop\visualstudCURSO\creacion-web\misrecetaswp\app\public\wp-includes\template-loader.php:106
[11-Feb-2021 18:32:50 UTC] PHP   3. require_once() C:\Users\Jesus\Desktop\visualstudCURSO\creacion-web\misrecetaswp\app\public\wp-blog-header.php:19
[11-Feb-2021 18:32:50 UTC] PHP   4. include() C:\Users\Jesus\Desktop\visualstudCURSO\creacion-web\misrecetaswp\app\public\wp-includes\template-loader.php:106
[11-Feb-2021 18:32:50 UTC] PHP Warning:  Use of undefined constant url - assumed 'url' (this will throw an Error in a future version of PHP) in C:\Users\Jesus\Desktop\visualstudCURSO\creacion-web\misrecetaswp\app\public\wp-content\themes\mis recetas\index.php on line 16
[11-Feb-2021 18:32:50 UTC] PHP Stack trace:
[11-Feb-2021 18:32:50 UTC] PHP   1. {main}() C:\Users\Jesus\Desktop\visualstudCURSO\creacion-web\misrecetaswp\app\public\index.php:0
[11-Feb-2021 18:32:50 UTC] PHP   2. require() C:\Users\Jesus\Desktop\visualstudCURSO\creacion-web\misrecetaswp\app\public\index.php:17
[11-Feb-2021 18:32:50 UTC] PHP   3. require_once() C:\Users\Jesus\Desktop\visualstudCURSO\creacion-web\misrecetaswp\app\public\wp-blog-header.php:19
[11-Feb-2021 18:32:50 UTC] PHP   4. include() C:\Users\Jesus\Desktop\visualstudCURSO\creacion-web\misrecetaswp\app\public\wp-includes\template-loader.php:106
[11-Feb-2021 18:32:50 UTC] PHP Warning:  Use of undefined constant ger_stylesheet_directory - assumed 'ger_stylesheet_directory' (this will throw an Error in a future version of PHP) in C:\Users\Jesus\Desktop\visualstudCURSO\creacion-web\misrecetaswp\app\public\wp-content\themes\mis recetas\index.php on line 16
[11-Feb-2021 18:32:50 UTC] PHP Stack trace:
[11-Feb-2021 18:32:50 UTC] PHP   1. {main}() C:\Users\Jesus\Desktop\visualstudCURSO\creacion-web\misrecetaswp\app\public\index.php:0
[11-Feb-2021 18:32:50 UTC] PHP   2. require() C:\Users\Jesus\Desktop\visualstudCURSO\creacion-web\misrecetaswp\app\public\index.php:17
[11-Feb-2021 18:32:50 UTC] PHP   3. require_once() C:\Users\Jesus\Desktop\visualstudCURSO\creacion-web\misrecetaswp\app\public\wp-blog-header.php:19
[11-Feb-2021 18:32:50 UTC] PHP   4. include() C:\Users\Jesus\Desktop\visualstudCURSO\creacion-web\misrecetaswp\app\public\wp-includes\template-loader.php:106
[11-Feb-2021 18:32:50 UTC] PHP Warning:  Use of undefined constant ger_stylesheet_directory - assumed 'ger_stylesheet_directory' (this will throw an Error in a future version of PHP) in C:\Users\Jesus\Desktop\visualstudCURSO\creacion-web\misrecetaswp\app\public\wp-content\themes\mis recetas\index.php on line 16
[11-Feb-2021 18:32:50 UTC] PHP Warning:  Use of undefined constant url - assumed 'url' (this will throw an Error in a future version of PHP) in C:\Users\Jesus\Desktop\visualstudCURSO\creacion-web\misrecetaswp\app\public\wp-content\themes\mis recetas\index.php on line 16
[11-Feb-2021 18:32:50 UTC] PHP Stack trace:
[11-Feb-2021 18:32:50 UTC] PHP Stack trace:
[11-Feb-2021 18:32:50 UTC] PHP   1. {main}() C:\Users\Jesus\Desktop\visualstudCURSO\creacion-web\misrecetaswp\app\public\index.php:0
[11-Feb-2021 18:32:50 UTC] PHP   1. {main}() C:\Users\Jesus\Desktop\visualstudCURSO\creacion-web\misrecetaswp\app\public\index.php:0
[11-Feb-2021 18:32:50 UTC] PHP   2. require() C:\Users\Jesus\Desktop\visualstudCURSO\creacion-web\misrecetaswp\app\public\index.php:17
[11-Feb-2021 18:32:50 UTC] PHP   2. require() C:\Users\Jesus\Desktop\visualstudCURSO\creacion-web\misrecetaswp\app\public\index.php:17
[11-Feb-2021 18:32:50 UTC] PHP   3. require_once() C:\Users\Jesus\Desktop\visualstudCURSO\creacion-web\misrecetaswp\app\public\wp-blog-header.php:19
[11-Feb-2021 18:32:50 UTC] PHP   3. require_once() C:\Users\Jesus\Desktop\visualstudCURSO\creacion-web\misrecetaswp\app\public\wp-blog-header.php:19
[11-Feb-2021 18:32:50 UTC] PHP   4. include() C:\Users\Jesus\Desktop\visualstudCURSO\creacion-web\misrecetaswp\app\public\wp-includes\template-loader.php:106
[11-Feb-2021 18:32:50 UTC] PHP   4. include() C:\Users\Jesus\Desktop\visualstudCURSO\creacion-web\misrecetaswp\app\public\wp-includes\template-loader.php:106
[11-Feb-2021 18:32:50 UTC] PHP Warning:  Use of undefined constant url - assumed 'url' (this will throw an Error in a future version of PHP) in C:\Users\Jesus\Desktop\visualstudCURSO\creacion-web\misrecetaswp\app\public\wp-content\themes\mis recetas\index.php on line 16
[11-Feb-2021 18:32:51 UTC] PHP Stack trace:
[11-Feb-2021 18:32:51 UTC] PHP   1. {main}() C:\Users\Jesus\Desktop\visualstudCURSO\creacion-web\misrecetaswp\app\public\index.php:0
[11-Feb-2021 18:32:51 UTC] PHP   2. require() C:\Users\Jesus\Desktop\visualstudCURSO\creacion-web\misrecetaswp\app\public\index.php:17
[11-Feb-2021 18:32:51 UTC] PHP   3. require_once() C:\Users\Jesus\Desktop\visualstudCURSO\creacion-web\misrecetaswp\app\public\wp-blog-header.php:19
[11-Feb-2021 18:32:51 UTC] PHP   4. include() C:\Users\Jesus\Desktop\visualstudCURSO\creacion-web\misrecetaswp\app\public\wp-includes\template-loader.php:106
[11-Feb-2021 18:32:51 UTC] PHP Warning:  Use of undefined constant ger_stylesheet_directory - assumed 'ger_stylesheet_directory' (this will throw an Error in a future version of PHP) in C:\Users\Jesus\Desktop\visualstudCURSO\creacion-web\misrecetaswp\app\public\wp-content\themes\mis recetas\index.php on line 16
[11-Feb-2021 18:32:51 UTC] PHP Stack trace:
[11-Feb-2021 18:32:51 UTC] PHP   1. {main}() C:\Users\Jesus\Desktop\visualstudCURSO\creacion-web\misrecetaswp\app\public\index.php:0
[11-Feb-2021 18:32:51 UTC] PHP   2. require() C:\Users\Jesus\Desktop\visualstudCURSO\creacion-web\misrecetaswp\app\public\index.php:17
[11-Feb-2021 18:32:51 UTC] PHP   3. require_once() C:\Users\Jesus\Desktop\visualstudCURSO\creacion-web\misrecetaswp\app\public\wp-blog-header.php:19
[11-Feb-2021 18:32:51 UTC] PHP   4. include() C:\Users\Jesus\Desktop\visualstudCURSO\creacion-web\misrecetaswp\app\public\wp-includes\template-loader.php:106
[11-Feb-2021 18:32:51 UTC] PHP Warning:  Use of undefined constant url - assumed 'url' (this will throw an Error in a future version of PHP) in C:\Users\Jesus\Desktop\visualstudCURSO\creacion-web\misrecetaswp\app\public\wp-content\themes\mis recetas\index.php on line 16
[11-Feb-2021 18:32:51 UTC] PHP Stack trace:
[11-Feb-2021 18:32:51 UTC] PHP Warning:  Use of undefined constant ger_stylesheet_directory - assumed 'ger_stylesheet_directory' (this will throw an Error in a future version of PHP) in C:\Users\Jesus\Desktop\visualstudCURSO\creacion-web\misrecetaswp\app\public\wp-content\themes\mis recetas\index.php on line 16
[11-Feb-2021 18:32:51 UTC] PHP   1. {main}() C:\Users\Jesus\Desktop\visualstudCURSO\creacion-web\misrecetaswp\app\public\index.php:0
[11-Feb-2021 18:32:51 UTC] PHP Stack trace:
[11-Feb-2021 18:32:51 UTC] PHP   2. require() C:\Users\Jesus\Desktop\visualstudCURSO\creacion-web\misrecetaswp\app\public\index.php:17
[11-Feb-2021 18:32:51 UTC] PHP   1. {main}() C:\Users\Jesus\Desktop\visualstudCURSO\creacion-web\misrecetaswp\app\public\index.php:0
[11-Feb-2021 18:32:51 UTC] PHP   3. require_once() C:\Users\Jesus\Desktop\visualstudCURSO\creacion-web\misrecetaswp\app\public\wp-blog-header.php:19
[11-Feb-2021 18:32:51 UTC] PHP   2. require() C:\Users\Jesus\Desktop\visualstudCURSO\creacion-web\misrecetaswp\app\public\index.php:17
[11-Feb-2021 18:32:51 UTC] PHP   4. include() C:\Users\Jesus\Desktop\visualstudCURSO\creacion-web\misrecetaswp\app\public\wp-includes\template-loader.php:106
[11-Feb-2021 18:32:51 UTC] PHP   3. require_once() C:\Users\Jesus\Desktop\visualstudCURSO\creacion-web\misrecetaswp\app\public\wp-blog-header.php:19
[11-Feb-2021 18:32:51 UTC] PHP   4. include() C:\Users\Jesus\Desktop\visualstudCURSO\creacion-web\misrecetaswp\app\public\wp-includes\template-loader.php:106
[11-Feb-2021 18:32:51 UTC] PHP Warning:  Use of undefined constant url - assumed 'url' (this will throw an Error in a future version of PHP) in C:\Users\Jesus\Desktop\visualstudCURSO\creacion-web\misrecetaswp\app\public\wp-content\themes\mis recetas\index.php on line 16
[11-Feb-2021 18:32:51 UTC] PHP Stack trace:
[11-Feb-2021 18:32:51 UTC] PHP   1. {main}() C:\Users\Jesus\Desktop\visualstudCURSO\creacion-web\misrecetaswp\app\public\index.php:0
[11-Feb-2021 18:32:51 UTC] PHP   2. require() C:\Users\Jesus\Desktop\visualstudCURSO\creacion-web\misrecetaswp\app\public\index.php:17
[11-Feb-2021 18:32:51 UTC] PHP   3. require_once() C:\Users\Jesus\Desktop\visualstudCURSO\creacion-web\misrecetaswp\app\public\wp-blog-header.php:19
[11-Feb-2021 18:32:51 UTC] PHP   4. include() C:\Users\Jesus\Desktop\visualstudCURSO\creacion-web\misrecetaswp\app\public\wp-includes\template-loader.php:106
[11-Feb-2021 18:34:11 UTC] PHP Warning:  Use of undefined constant ger_stylesheet_directory - assumed 'ger_stylesheet_directory' (this will throw an Error in a future version of PHP) in C:\Users\Jesus\Desktop\visualstudCURSO\creacion-web\misrecetaswp\app\public\wp-content\themes\mis recetas\index.php on line 16
[11-Feb-2021 18:34:11 UTC] PHP Stack trace:
[11-Feb-2021 18:34:11 UTC] PHP   1. {main}() C:\Users\Jesus\Desktop\visualstudCURSO\creacion-web\misrecetaswp\app\public\index.php:0
[11-Feb-2021 18:34:11 UTC] PHP   2. require() C:\Users\Jesus\Desktop\visualstudCURSO\creacion-web\misrecetaswp\app\public\index.php:17
[11-Feb-2021 18:34:11 UTC] PHP   3. require_once() C:\Users\Jesus\Desktop\visualstudCURSO\creacion-web\misrecetaswp\app\public\wp-blog-header.php:19
[11-Feb-2021 18:34:11 UTC] PHP   4. include() C:\Users\Jesus\Desktop\visualstudCURSO\creacion-web\misrecetaswp\app\public\wp-includes\template-loader.php:106
[11-Feb-2021 18:34:11 UTC] PHP Warning:  Use of undefined constant url - assumed 'url' (this will throw an Error in a future version of PHP) in C:\Users\Jesus\Desktop\visualstudCURSO\creacion-web\misrecetaswp\app\public\wp-content\themes\mis recetas\index.php on line 16
[11-Feb-2021 18:34:11 UTC] PHP Stack trace:
[11-Feb-2021 18:34:11 UTC] PHP   1. {main}() C:\Users\Jesus\Desktop\visualstudCURSO\creacion-web\misrecetaswp\app\public\index.php:0
[11-Feb-2021 18:34:11 UTC] PHP   2. require() C:\Users\Jesus\Desktop\visualstudCURSO\creacion-web\misrecetaswp\app\public\index.php:17
[11-Feb-2021 18:34:11 UTC] PHP   3. require_once() C:\Users\Jesus\Desktop\visualstudCURSO\creacion-web\misrecetaswp\app\public\wp-blog-header.php:19
[11-Feb-2021 18:34:11 UTC] PHP   4. include() C:\Users\Jesus\Desktop\visualstudCURSO\creacion-web\misrecetaswp\app\public\wp-includes\template-loader.php:106
[11-Feb-2021 18:34:12 UTC] PHP Warning:  Use of undefined constant ger_stylesheet_directory - assumed 'ger_stylesheet_directory' (this will throw an Error in a future version of PHP) in C:\Users\Jesus\Desktop\visualstudCURSO\creacion-web\misrecetaswp\app\public\wp-content\themes\mis recetas\index.php on line 16
[11-Feb-2021 18:34:12 UTC] PHP Stack trace:
[11-Feb-2021 18:34:12 UTC] PHP   1. {main}() C:\Users\Jesus\Desktop\visualstudCURSO\creacion-web\misrecetaswp\app\public\index.php:0
[11-Feb-2021 18:34:12 UTC] PHP   2. require() C:\Users\Jesus\Desktop\visualstudCURSO\creacion-web\misrecetaswp\app\public\index.php:17
[11-Feb-2021 18:34:12 UTC] PHP   3. require_once() C:\Users\Jesus\Desktop\visualstudCURSO\creacion-web\misrecetaswp\app\public\wp-blog-header.php:19
[11-Feb-2021 18:34:12 UTC] PHP   4. include() C:\Users\Jesus\Desktop\visualstudCURSO\creacion-web\misrecetaswp\app\public\wp-includes\template-loader.php:106
[11-Feb-2021 18:34:13 UTC] PHP Warning:  Use of undefined constant url - assumed 'url' (this will throw an Error in a future version of PHP) in C:\Users\Jesus\Desktop\visualstudCURSO\creacion-web\misrecetaswp\app\public\wp-content\themes\mis recetas\index.php on line 16
[11-Feb-2021 18:34:13 UTC] PHP Warning:  Use of undefined constant ger_stylesheet_directory - assumed 'ger_stylesheet_directory' (this will throw an Error in a future version of PHP) in C:\Users\Jesus\Desktop\visualstudCURSO\creacion-web\misrecetaswp\app\public\wp-content\themes\mis recetas\index.php on line 16
[11-Feb-2021 18:34:13 UTC] PHP Stack trace:
[11-Feb-2021 18:34:13 UTC] PHP Stack trace:
[11-Feb-2021 18:34:13 UTC] PHP   1. {main}() C:\Users\Jesus\Desktop\visualstudCURSO\creacion-web\misrecetaswp\app\public\index.php:0
[11-Feb-2021 18:34:13 UTC] PHP   1. {main}() C:\Users\Jesus\Desktop\visualstudCURSO\creacion-web\misrecetaswp\app\public\index.php:0
[11-Feb-2021 18:34:13 UTC] PHP   2. require() C:\Users\Jesus\Desktop\visualstudCURSO\creacion-web\misrecetaswp\app\public\index.php:17
[11-Feb-2021 18:34:13 UTC] PHP   2. require() C:\Users\Jesus\Desktop\visualstudCURSO\creacion-web\misrecetaswp\app\public\index.php:17
[11-Feb-2021 18:34:13 UTC] PHP   3. require_once() C:\Users\Jesus\Desktop\visualstudCURSO\creacion-web\misrecetaswp\app\public\wp-blog-header.php:19
[11-Feb-2021 18:34:13 UTC] PHP   3. require_once() C:\Users\Jesus\Desktop\visualstudCURSO\creacion-web\misrecetaswp\app\public\wp-blog-header.php:19
[11-Feb-2021 18:34:13 UTC] PHP   4. include() C:\Users\Jesus\Desktop\visualstudCURSO\creacion-web\misrecetaswp\app\public\wp-includes\template-loader.php:106
[11-Feb-2021 18:34:13 UTC] PHP   4. include() C:\Users\Jesus\Desktop\visualstudCURSO\creacion-web\misrecetaswp\app\public\wp-includes\template-loader.php:106
[11-Feb-2021 18:34:13 UTC] PHP Warning:  Use of undefined constant url - assumed 'url' (this will throw an Error in a future version of PHP) in C:\Users\Jesus\Desktop\visualstudCURSO\creacion-web\misrecetaswp\app\public\wp-content\themes\mis recetas\index.php on line 16
[11-Feb-2021 18:34:13 UTC] PHP Stack trace:
[11-Feb-2021 18:34:13 UTC] PHP   1. {main}() C:\Users\Jesus\Desktop\visualstudCURSO\creacion-web\misrecetaswp\app\public\index.php:0
[11-Feb-2021 18:34:13 UTC] PHP   2. require() C:\Users\Jesus\Desktop\visualstudCURSO\creacion-web\misrecetaswp\app\public\index.php:17
[11-Feb-2021 18:34:13 UTC] PHP   3. require_once() C:\Users\Jesus\Desktop\visualstudCURSO\creacion-web\misrecetaswp\app\public\wp-blog-header.php:19
[11-Feb-2021 18:34:13 UTC] PHP   4. include() C:\Users\Jesus\Desktop\visualstudCURSO\creacion-web\misrecetaswp\app\public\wp-includes\template-loader.php:106
[11-Feb-2021 18:34:13 UTC] PHP Warning:  Use of undefined constant ger_stylesheet_directory - assumed 'ger_stylesheet_directory' (this will throw an Error in a future version of PHP) in C:\Users\Jesus\Desktop\visualstudCURSO\creacion-web\misrecetaswp\app\public\wp-content\themes\mis recetas\index.php on line 16
[11-Feb-2021 18:34:13 UTC] PHP Stack trace:
[11-Feb-2021 18:34:13 UTC] PHP   1. {main}() C:\Users\Jesus\Desktop\visualstudCURSO\creacion-web\misrecetaswp\app\public\index.php:0
[11-Feb-2021 18:34:14 UTC] PHP   2. require() C:\Users\Jesus\Desktop\visualstudCURSO\creacion-web\misrecetaswp\app\public\index.php:17
[11-Feb-2021 18:34:14 UTC] PHP   3. require_once() C:\Users\Jesus\Desktop\visualstudCURSO\creacion-web\misrecetaswp\app\public\wp-blog-header.php:19
[11-Feb-2021 18:34:14 UTC] PHP   4. include() C:\Users\Jesus\Desktop\visualstudCURSO\creacion-web\misrecetaswp\app\public\wp-includes\template-loader.php:106
[11-Feb-2021 18:34:14 UTC] PHP Warning:  Use of undefined constant ger_stylesheet_directory - assumed 'ger_stylesheet_directory' (this will throw an Error in a future version of PHP) in C:\Users\Jesus\Desktop\visualstudCURSO\creacion-web\misrecetaswp\app\public\wp-content\themes\mis recetas\index.php on line 16
[11-Feb-2021 18:34:14 UTC] PHP Warning:  Use of undefined constant url - assumed 'url' (this will throw an Error in a future version of PHP) in C:\Users\Jesus\Desktop\visualstudCURSO\creacion-web\misrecetaswp\app\public\wp-content\themes\mis recetas\index.php on line 16
[11-Feb-2021 18:34:14 UTC] PHP Stack trace:
[11-Feb-2021 18:34:14 UTC] PHP Stack trace:
[11-Feb-2021 18:34:14 UTC] PHP   1. {main}() C:\Users\Jesus\Desktop\visualstudCURSO\creacion-web\misrecetaswp\app\public\index.php:0
[11-Feb-2021 18:34:14 UTC] PHP   1. {main}() C:\Users\Jesus\Desktop\visualstudCURSO\creacion-web\misrecetaswp\app\public\index.php:0
[11-Feb-2021 18:34:14 UTC] PHP   2. require() C:\Users\Jesus\Desktop\visualstudCURSO\creacion-web\misrecetaswp\app\public\index.php:17
[11-Feb-2021 18:34:14 UTC] PHP   2. require() C:\Users\Jesus\Desktop\visualstudCURSO\creacion-web\misrecetaswp\app\public\index.php:17
[11-Feb-2021 18:34:14 UTC] PHP   3. require_once() C:\Users\Jesus\Desktop\visualstudCURSO\creacion-web\misrecetaswp\app\public\wp-blog-header.php:19
[11-Feb-2021 18:34:14 UTC] PHP   3. require_once() C:\Users\Jesus\Desktop\visualstudCURSO\creacion-web\misrecetaswp\app\public\wp-blog-header.php:19
[11-Feb-2021 18:34:14 UTC] PHP   4. include() C:\Users\Jesus\Desktop\visualstudCURSO\creacion-web\misrecetaswp\app\public\wp-includes\template-loader.php:106
[11-Feb-2021 18:34:14 UTC] PHP   4. include() C:\Users\Jesus\Desktop\visualstudCURSO\creacion-web\misrecetaswp\app\public\wp-includes\template-loader.php:106
[11-Feb-2021 18:34:14 UTC] PHP Warning:  Use of undefined constant url - assumed 'url' (this will throw an Error in a future version of PHP) in C:\Users\Jesus\Desktop\visualstudCURSO\creacion-web\misrecetaswp\app\public\wp-content\themes\mis recetas\index.php on line 16
[11-Feb-2021 18:34:14 UTC] PHP Stack trace:
[11-Feb-2021 18:34:14 UTC] PHP   1. {main}() C:\Users\Jesus\Desktop\visualstudCURSO\creacion-web\misrecetaswp\app\public\index.php:0
[11-Feb-2021 18:34:14 UTC] PHP   2. require() C:\Users\Jesus\Desktop\visualstudCURSO\creacion-web\misrecetaswp\app\public\index.php:17
[11-Feb-2021 18:34:14 UTC] PHP   3. require_once() C:\Users\Jesus\Desktop\visualstudCURSO\creacion-web\misrecetaswp\app\public\wp-blog-header.php:19
[11-Feb-2021 18:34:14 UTC] PHP   4. include() C:\Users\Jesus\Desktop\visualstudCURSO\creacion-web\misrecetaswp\app\public\wp-includes\template-loader.php:106
[11-Feb-2021 18:34:14 UTC] PHP Warning:  Use of undefined constant ger_stylesheet_directory - assumed 'ger_stylesheet_directory' (this will throw an Error in a future version of PHP) in C:\Users\Jesus\Desktop\visualstudCURSO\creacion-web\misrecetaswp\app\public\wp-content\themes\mis recetas\index.php on line 16
[11-Feb-2021 18:34:14 UTC] PHP Stack trace:
[11-Feb-2021 18:34:14 UTC] PHP   1. {main}() C:\Users\Jesus\Desktop\visualstudCURSO\creacion-web\misrecetaswp\app\public\index.php:0
[11-Feb-2021 18:34:15 UTC] PHP   2. require() C:\Users\Jesus\Desktop\visualstudCURSO\creacion-web\misrecetaswp\app\public\index.php:17
[11-Feb-2021 18:34:15 UTC] PHP   3. require_once() C:\Users\Jesus\Desktop\visualstudCURSO\creacion-web\misrecetaswp\app\public\wp-blog-header.php:19
[11-Feb-2021 18:34:15 UTC] PHP   4. include() C:\Users\Jesus\Desktop\visualstudCURSO\creacion-web\misrecetaswp\app\public\wp-includes\template-loader.php:106
[11-Feb-2021 18:34:15 UTC] PHP Warning:  Use of undefined constant ger_stylesheet_directory - assumed 'ger_stylesheet_directory' (this will throw an Error in a future version of PHP) in C:\Users\Jesus\Desktop\visualstudCURSO\creacion-web\misrecetaswp\app\public\wp-content\themes\mis recetas\index.php on line 16
[11-Feb-2021 18:34:15 UTC] PHP Warning:  Use of undefined constant url - assumed 'url' (this will throw an Error in a future version of PHP) in C:\Users\Jesus\Desktop\visualstudCURSO\creacion-web\misrecetaswp\app\public\wp-content\themes\mis recetas\index.php on line 16
[11-Feb-2021 18:34:15 UTC] PHP Stack trace:
[11-Feb-2021 18:34:15 UTC] PHP Stack trace:
[11-Feb-2021 18:34:15 UTC] PHP   1. {main}() C:\Users\Jesus\Desktop\visualstudCURSO\creacion-web\misrecetaswp\app\public\index.php:0
[11-Feb-2021 18:34:15 UTC] PHP   1. {main}() C:\Users\Jesus\Desktop\visualstudCURSO\creacion-web\misrecetaswp\app\public\index.php:0
[11-Feb-2021 18:34:15 UTC] PHP   2. require() C:\Users\Jesus\Desktop\visualstudCURSO\creacion-web\misrecetaswp\app\public\index.php:17
[11-Feb-2021 18:34:15 UTC] PHP   2. require() C:\Users\Jesus\Desktop\visualstudCURSO\creacion-web\misrecetaswp\app\public\index.php:17
[11-Feb-2021 18:34:15 UTC] PHP   3. require_once() C:\Users\Jesus\Desktop\visualstudCURSO\creacion-web\misrecetaswp\app\public\wp-blog-header.php:19
[11-Feb-2021 18:34:15 UTC] PHP   3. require_once() C:\Users\Jesus\Desktop\visualstudCURSO\creacion-web\misrecetaswp\app\public\wp-blog-header.php:19
[11-Feb-2021 18:34:15 UTC] PHP   4. include() C:\Users\Jesus\Desktop\visualstudCURSO\creacion-web\misrecetaswp\app\public\wp-includes\template-loader.php:106
[11-Feb-2021 18:34:15 UTC] PHP   4. include() C:\Users\Jesus\Desktop\visualstudCURSO\creacion-web\misrecetaswp\app\public\wp-includes\template-loader.php:106
[11-Feb-2021 18:34:15 UTC] PHP Warning:  Use of undefined constant url - assumed 'url' (this will throw an Error in a future version of PHP) in C:\Users\Jesus\Desktop\visualstudCURSO\creacion-web\misrecetaswp\app\public\wp-content\themes\mis recetas\index.php on line 16
[11-Feb-2021 18:34:15 UTC] PHP Stack trace:
[11-Feb-2021 18:34:15 UTC] PHP   1. {main}() C:\Users\Jesus\Desktop\visualstudCURSO\creacion-web\misrecetaswp\app\public\index.php:0
[11-Feb-2021 18:34:15 UTC] PHP   2. require() C:\Users\Jesus\Desktop\visualstudCURSO\creacion-web\misrecetaswp\app\public\index.php:17
[11-Feb-2021 18:34:15 UTC] PHP   3. require_once() C:\Users\Jesus\Desktop\visualstudCURSO\creacion-web\misrecetaswp\app\public\wp-blog-header.php:19
[11-Feb-2021 18:34:15 UTC] PHP   4. include() C:\Users\Jesus\Desktop\visualstudCURSO\creacion-web\misrecetaswp\app\public\wp-includes\template-loader.php:106
[11-Feb-2021 18:34:15 UTC] PHP Warning:  Use of undefined constant ger_stylesheet_directory - assumed 'ger_stylesheet_directory' (this will throw an Error in a future version of PHP) in C:\Users\Jesus\Desktop\visualstudCURSO\creacion-web\misrecetaswp\app\public\wp-content\themes\mis recetas\index.php on line 16
[11-Feb-2021 18:34:15 UTC] PHP Stack trace:
[11-Feb-2021 18:34:15 UTC] PHP   1. {main}() C:\Users\Jesus\Desktop\visualstudCURSO\creacion-web\misrecetaswp\app\public\index.php:0
[11-Feb-2021 18:34:15 UTC] PHP   2. require() C:\Users\Jesus\Desktop\visualstudCURSO\creacion-web\misrecetaswp\app\public\index.php:17
[11-Feb-2021 18:34:16 UTC] PHP   3. require_once() C:\Users\Jesus\Desktop\visualstudCURSO\creacion-web\misrecetaswp\app\public\wp-blog-header.php:19
[11-Feb-2021 18:34:16 UTC] PHP   4. include() C:\Users\Jesus\Desktop\visualstudCURSO\creacion-web\misrecetaswp\app\public\wp-includes\template-loader.php:106
[11-Feb-2021 18:34:16 UTC] PHP Warning:  Use of undefined constant url - assumed 'url' (this will throw an Error in a future version of PHP) in C:\Users\Jesus\Desktop\visualstudCURSO\creacion-web\misrecetaswp\app\public\wp-content\themes\mis recetas\index.php on line 16
[11-Feb-2021 18:34:16 UTC] PHP Warning:  Use of undefined constant ger_stylesheet_directory - assumed 'ger_stylesheet_directory' (this will throw an Error in a future version of PHP) in C:\Users\Jesus\Desktop\visualstudCURSO\creacion-web\misrecetaswp\app\public\wp-content\themes\mis recetas\index.php on line 16
[11-Feb-2021 18:34:16 UTC] PHP Stack trace:
[11-Feb-2021 18:34:16 UTC] PHP Stack trace:
[11-Feb-2021 18:34:16 UTC] PHP   1. {main}() C:\Users\Jesus\Desktop\visualstudCURSO\creacion-web\misrecetaswp\app\public\index.php:0
[11-Feb-2021 18:34:16 UTC] PHP   1. {main}() C:\Users\Jesus\Desktop\visualstudCURSO\creacion-web\misrecetaswp\app\public\index.php:0
[11-Feb-2021 18:34:16 UTC] PHP   2. require() C:\Users\Jesus\Desktop\visualstudCURSO\creacion-web\misrecetaswp\app\public\index.php:17
[11-Feb-2021 18:34:16 UTC] PHP   2. require() C:\Users\Jesus\Desktop\visualstudCURSO\creacion-web\misrecetaswp\app\public\index.php:17
[11-Feb-2021 18:34:16 UTC] PHP   3. require_once() C:\Users\Jesus\Desktop\visualstudCURSO\creacion-web\misrecetaswp\app\public\wp-blog-header.php:19
[11-Feb-2021 18:34:16 UTC] PHP   3. require_once() C:\Users\Jesus\Desktop\visualstudCURSO\creacion-web\misrecetaswp\app\public\wp-blog-header.php:19
[11-Feb-2021 18:34:16 UTC] PHP   4. include() C:\Users\Jesus\Desktop\visualstudCURSO\creacion-web\misrecetaswp\app\public\wp-includes\template-loader.php:106
[11-Feb-2021 18:34:16 UTC] PHP   4. include() C:\Users\Jesus\Desktop\visualstudCURSO\creacion-web\misrecetaswp\app\public\wp-includes\template-loader.php:106
[11-Feb-2021 18:34:16 UTC] PHP Warning:  Use of undefined constant url - assumed 'url' (this will throw an Error in a future version of PHP) in C:\Users\Jesus\Desktop\visualstudCURSO\creacion-web\misrecetaswp\app\public\wp-content\themes\mis recetas\index.php on line 16
[11-Feb-2021 18:34:16 UTC] PHP Stack trace:
[11-Feb-2021 18:34:16 UTC] PHP   1. {main}() C:\Users\Jesus\Desktop\visualstudCURSO\creacion-web\misrecetaswp\app\public\index.php:0
[11-Feb-2021 18:34:16 UTC] PHP   2. require() C:\Users\Jesus\Desktop\visualstudCURSO\creacion-web\misrecetaswp\app\public\index.php:17
[11-Feb-2021 18:34:16 UTC] PHP   3. require_once() C:\Users\Jesus\Desktop\visualstudCURSO\creacion-web\misrecetaswp\app\public\wp-blog-header.php:19
[11-Feb-2021 18:34:16 UTC] PHP   4. include() C:\Users\Jesus\Desktop\visualstudCURSO\creacion-web\misrecetaswp\app\public\wp-includes\template-loader.php:106
[11-Feb-2021 19:00:42 UTC] PHP Parse error:  syntax error, unexpected '}' in C:\Users\Jesus\Desktop\visualstudCURSO\creacion-web\misrecetaswp\app\public\wp-content\themes\mis recetas\functions.php on line 12
[11-Feb-2021 19:00:44 UTC] PHP Parse error:  syntax error, unexpected '}' in C:\Users\Jesus\Desktop\visualstudCURSO\creacion-web\misrecetaswp\app\public\wp-content\themes\mis recetas\functions.php on line 12
[11-Feb-2021 19:03:29 UTC] PHP Parse error:  syntax error, unexpected ':', expecting ')' in C:\Users\Jesus\Desktop\visualstudCURSO\creacion-web\misrecetaswp\app\public\wp-content\themes\mis recetas\functions.php on line 14
[11-Feb-2021 19:03:29 UTC] PHP Parse error:  syntax error, unexpected ':', expecting ')' in C:\Users\Jesus\Desktop\visualstudCURSO\creacion-web\misrecetaswp\app\public\wp-content\themes\mis recetas\functions.php on line 14
[11-Feb-2021 19:09:11 UTC] PHP Parse error:  syntax error, unexpected end of file in C:\Users\Jesus\Desktop\visualstudCURSO\creacion-web\misrecetaswp\app\public\wp-content\themes\mis recetas\functions.php on line 15
[11-Feb-2021 19:09:15 UTC] PHP Parse error:  syntax error, unexpected end of file in C:\Users\Jesus\Desktop\visualstudCURSO\creacion-web\misrecetaswp\app\public\wp-content\themes\mis recetas\functions.php on line 15
[11-Feb-2021 19:09:51 UTC] PHP Parse error:  syntax error, unexpected end of file in C:\Users\Jesus\Desktop\visualstudCURSO\creacion-web\misrecetaswp\app\public\wp-content\themes\mis recetas\functions.php on line 15
[11-Feb-2021 19:09:52 UTC] PHP Parse error:  syntax error, unexpected end of file in C:\Users\Jesus\Desktop\visualstudCURSO\creacion-web\misrecetaswp\app\public\wp-content\themes\mis recetas\functions.php on line 15
[11-Feb-2021 19:12:26 UTC] PHP Parse error:  syntax error, unexpected end of file in C:\Users\Jesus\Desktop\visualstudCURSO\creacion-web\misrecetaswp\app\public\wp-content\themes\mis recetas\functions.php on line 15
[11-Feb-2021 19:12:27 UTC] PHP Parse error:  syntax error, unexpected end of file in C:\Users\Jesus\Desktop\visualstudCURSO\creacion-web\misrecetaswp\app\public\wp-content\themes\mis recetas\functions.php on line 15
[11-Feb-2021 19:15:07 UTC] PHP Parse error:  syntax error, unexpected end of file in C:\Users\Jesus\Desktop\visualstudCURSO\creacion-web\misrecetaswp\app\public\wp-content\themes\mis recetas\functions.php on line 15
[11-Feb-2021 19:15:07 UTC] PHP Parse error:  syntax error, unexpected end of file in C:\Users\Jesus\Desktop\visualstudCURSO\creacion-web\misrecetaswp\app\public\wp-content\themes\mis recetas\functions.php on line 15
[11-Feb-2021 19:15:08 UTC] PHP Parse error:  syntax error, unexpected end of file in C:\Users\Jesus\Desktop\visualstudCURSO\creacion-web\misrecetaswp\app\public\wp-content\themes\mis recetas\functions.php on line 15
[11-Feb-2021 19:17:57 UTC] PHP Parse error:  syntax error, unexpected end of file in C:\Users\Jesus\Desktop\visualstudCURSO\creacion-web\misrecetaswp\app\public\wp-content\themes\mis recetas\functions.php on line 15
[11-Feb-2021 19:17:57 UTC] PHP Parse error:  syntax error, unexpected end of file in C:\Users\Jesus\Desktop\visualstudCURSO\creacion-web\misrecetaswp\app\public\wp-content\themes\mis recetas\functions.php on line 15
[11-Feb-2021 19:20:00 UTC] PHP Parse error:  syntax error, unexpected end of file in C:\Users\Jesus\Desktop\visualstudCURSO\creacion-web\misrecetaswp\app\public\wp-content\themes\mis recetas\functions.php on line 15
[11-Feb-2021 19:20:00 UTC] PHP Parse error:  syntax error, unexpected end of file in C:\Users\Jesus\Desktop\visualstudCURSO\creacion-web\misrecetaswp\app\public\wp-content\themes\mis recetas\functions.php on line 15
[12-Feb-2021 18:57:58 UTC] PHP Fatal error:  Uncaught Error: Call to undefined function get_header() in C:\Users\Jesus\Desktop\visualstudCURSO\creacion-web\misrecetaswp\app\public\wp-content\themes\mis recetas\recetas.php:1
Stack trace:
#0 {main}
  thrown in C:\Users\Jesus\Desktop\visualstudCURSO\creacion-web\misrecetaswp\app\public\wp-content\themes\mis recetas\recetas.php on line 1
[12-Feb-2021 19:17:09 UTC] PHP Fatal error:  Uncaught Error: Call to undefined function get_header() in C:\Users\Jesus\Desktop\visualstudCURSO\creacion-web\misrecetaswp\app\public\wp-content\themes\mis recetas\recetas.php:1
Stack trace:
#0 {main}
  thrown in C:\Users\Jesus\Desktop\visualstudCURSO\creacion-web\misrecetaswp\app\public\wp-content\themes\mis recetas\recetas.php on line 1
[12-Feb-2021 19:29:13 UTC] PHP Parse error:  syntax error, unexpected ':', expecting ')' in C:\Users\Jesus\Desktop\visualstudCURSO\creacion-web\misrecetaswp\app\public\wp-content\themes\mis recetas\header.php on line 24
[12-Feb-2021 21:04:00 UTC] PHP Parse error:  syntax error, unexpected ''menu_id'' (T_CONSTANT_ENCAPSED_STRING), expecting ')' in C:\Users\Jesus\Desktop\visualstudCURSO\creacion-web\misrecetaswp\app\public\wp-content\themes\mis recetas\header.php on line 27
